# JRE version: Java(TM) SE Runtime Environment (8.0_181-b13) (build 1.8.0_181-b13)
# Java VM: Java HotSpot(TM) 64-Bit Server VM (25.181-b13 mixed mode windows-amd64 compressed oops)
Heap:
 PSYoungGen      total 236032K, used 127748K [0x00000000eab00000, 0x0000000100000000, 0x0000000100000000)
  eden space 119808K, 86% used [0x00000000eab00000,0x00000000f1087388,0x00000000f2000000)
  from space 116224K, 20% used [0x00000000f8e80000,0x00000000fa5b9f70,0x0000000100000000)
  to   space 113152K, 0% used [0x00000000f2000000,0x00000000f2000000,0x00000000f8e80000)
 ParOldGen       total 425472K, used 264422K [0x00000000c0000000, 0x00000000d9f80000, 0x00000000eab00000)
  object space 425472K, 62% used [0x00000000c0000000,0x00000000d0239be8,0x00000000d9f80000)
 Metaspace       used 6738K, capacity 7320K, committed 7680K, reserved 1056768K
  class space    used 639K, capacity 656K, committed 768K, reserved 1048576K
GC Heap History (10 events):
Event: 36.863 GC heap before
{Heap before GC invocations=15 (full 2):
 PSYoungGen      total 239616K, used 228938K [0x00000000eab00000, 0x0000000100000000, 0x0000000100000000)
  eden space 176128K, 100% used [0x00000000eab00000,0x00000000f5700000,0x00000000f5700000)
  from space 63488K, 83% used [0x00000000fc200000,0x00000000ff592b18,0x0000000100000000)
  to   space 86528K, 0% used [0x00000000f5700000,0x00000000f5700000,0x00000000fab80000)
 ParOldGen       total 264704K, used 149804K [0x00000000c0000000, 0x00000000d0280000, 0x00000000eab00000)
  object space 264704K, 56% used [0x00000000c0000000,0x00000000c924b2f0,0x00000000d0280000)
 Metaspace       used 6719K, capacity 7320K, committed 7680K, reserved 1056768K
  class space    used 639K, capacity 656K, committed 768K, reserved 1048576K
Event: 37.197 GC heap after
Heap after GC invocations=15 (full 2):
 PSYoungGen      total 254976K, used 78453K [0x00000000eab00000, 0x0000000100000000, 0x0000000100000000)
  eden space 176128K, 0% used [0x00000000eab00000,0x00000000eab00000,0x00000000f5700000)
  from space 78848K, 99% used [0x00000000f5700000,0x00000000fa39d7c0,0x00000000fa400000)
  to   space 94208K, 0% used [0x00000000fa400000,0x00000000fa400000,0x0000000100000000)
 ParOldGen       total 264704K, used 149804K [0x00000000c0000000, 0x00000000d0280000, 0x00000000eab00000)
  object space 264704K, 56% used [0x00000000c0000000,0x00000000c924b2f0,0x00000000d0280000)
 Metaspace       used 6719K, capacity 7320K, committed 7680K, reserved 1056768K
  class space    used 639K, capacity 656K, committed 768K, reserved 1048576K
}
Event: 39.492 GC heap before
{Heap before GC invocations=16 (full 2):
 PSYoungGen      total 254976K, used 254581K [0x00000000eab00000, 0x0000000100000000, 0x0000000100000000)
  eden space 176128K, 100% used [0x00000000eab00000,0x00000000f5700000,0x00000000f5700000)
  from space 78848K, 99% used [0x00000000f5700000,0x00000000fa39d7c0,0x00000000fa400000)
  to   space 94208K, 0% used [0x00000000fa400000,0x00000000fa400000,0x0000000100000000)
 ParOldGen       total 264704K, used 149804K [0x00000000c0000000, 0x00000000d0280000, 0x00000000eab00000)
  object space 264704K, 56% used [0x00000000c0000000,0x00000000c924b2f0,0x00000000d0280000)
 Metaspace       used 6721K, capacity 7320K, committed 7680K, reserved 1056768K
  class space    used 639K, capacity 656K, committed 768K, reserved 1048576K
Event: 39.859 GC heap after
Heap after GC invocations=16 (full 2):
 PSYoungGen      total 211968K, used 94184K [0x00000000eab00000, 0x0000000100000000, 0x0000000100000000)
  eden space 117760K, 0% used [0x00000000eab00000,0x00000000eab00000,0x00000000f1e00000)
  from space 94208K, 99% used [0x00000000fa400000,0x00000000ffffa108,0x0000000100000000)
  to   space 115712K, 0% used [0x00000000f1e00000,0x00000000f1e00000,0x00000000f8f00000)
 ParOldGen       total 264704K, used 159270K [0x00000000c0000000, 0x00000000d0280000, 0x00000000eab00000)
  object space 264704K, 60% used [0x00000000c0000000,0x00000000c9b89960,0x00000000d0280000)
 Metaspace       used 6721K, capacity 7320K, committed 7680K, reserved 1056768K
  class space    used 639K, capacity 656K, committed 768K, reserved 1048576K
}
Event: 41.853 GC heap before
{Heap before GC invocations=17 (full 2):
 PSYoungGen      total 211968K, used 211944K [0x00000000eab00000, 0x0000000100000000, 0x0000000100000000)
  eden space 117760K, 100% used [0x00000000eab00000,0x00000000f1e00000,0x00000000f1e00000)
  from space 94208K, 99% used [0x00000000fa400000,0x00000000ffffa108,0x0000000100000000)
  to   space 115712K, 0% used [0x00000000f1e00000,0x00000000f1e00000,0x00000000f8f00000)
 ParOldGen       total 264704K, used 159270K [0x00000000c0000000, 0x00000000d0280000, 0x00000000eab00000)
  object space 264704K, 60% used [0x00000000c0000000,0x00000000c9b89960,0x00000000d0280000)
 Metaspace       used 6737K, capacity 7320K, committed 7680K, reserved 1056768K
  class space    used 639K, capacity 656K, committed 768K, reserved 1048576K
Event: 42.251 GC heap after
Heap after GC invocations=17 (full 2):
 PSYoungGen      total 187904K, used 70031K [0x00000000eab00000, 0x0000000100000000, 0x0000000100000000)
  eden space 117760K, 0% used [0x00000000eab00000,0x00000000eab00000,0x00000000f1e00000)
  from space 70144K, 99% used [0x00000000f1e00000,0x00000000f6263f78,0x00000000f6280000)
  to   space 116224K, 0% used [0x00000000f8e80000,0x00000000f8e80000,0x0000000100000000)
 ParOldGen       total 264704K, used 202320K [0x00000000c0000000, 0x00000000d0280000, 0x00000000eab00000)
  object space 264704K, 76% used [0x00000000c0000000,0x00000000cc594128,0x00000000d0280000)
 Metaspace       used 6737K, capacity 7320K, committed 7680K, reserved 1056768K
  class space    used 639K, capacity 656K, committed 768K, reserved 1048576K
}
Event: 43.536 GC heap before
{Heap before GC invocations=18 (full 2):
 PSYoungGen      total 187904K, used 187791K [0x00000000eab00000, 0x0000000100000000, 0x0000000100000000)
  eden space 117760K, 100% used [0x00000000eab00000,0x00000000f1e00000,0x00000000f1e00000)
  from space 70144K, 99% used [0x00000000f1e00000,0x00000000f6263f78,0x00000000f6280000)
  to   space 116224K, 0% used [0x00000000f8e80000,0x00000000f8e80000,0x0000000100000000)
 ParOldGen       total 264704K, used 202320K [0x00000000c0000000, 0x00000000d0280000, 0x00000000eab00000)
  object space 264704K, 76% used [0x00000000c0000000,0x00000000cc594128,0x00000000d0280000)
 Metaspace       used 6738K, capacity 7320K, committed 7680K, reserved 1056768K
  class space    used 639K, capacity 656K, committed 768K, reserved 1048576K
Event: 43.929 GC heap after
Heap after GC invocations=18 (full 2):
 PSYoungGen      total 236032K, used 35702K [0x00000000eab00000, 0x0000000100000000, 0x0000000100000000)
  eden space 119808K, 0% used [0x00000000eab00000,0x00000000eab00000,0x00000000f2000000)
  from space 116224K, 30% used [0x00000000f8e80000,0x00000000fb15dbc8,0x0000000100000000)
  to   space 113152K, 0% used [0x00000000f2000000,0x00000000f2000000,0x00000000f8e80000)
 ParOldGen       total 264704K, used 253791K [0x00000000c0000000, 0x00000000d0280000, 0x00000000eab00000)
  object space 264704K, 95% used [0x00000000c0000000,0x00000000cf7d7f68,0x00000000d0280000)
 Metaspace       used 6738K, capacity 7320K, committed 7680K, reserved 1056768K
  class space    used 639K, capacity 656K, committed 768K, reserved 1048576K
}
Event: 43.929 GC heap before
{Heap before GC invocations=19 (full 3):
 PSYoungGen      total 236032K, used 35702K [0x00000000eab00000, 0x0000000100000000, 0x0000000100000000)
  eden space 119808K, 0% used [0x00000000eab00000,0x00000000eab00000,0x00000000f2000000)
  from space 116224K, 30% used [0x00000000f8e80000,0x00000000fb15dbc8,0x0000000100000000)
  to   space 113152K, 0% used [0x00000000f2000000,0x00000000f2000000,0x00000000f8e80000)
 ParOldGen       total 264704K, used 253791K [0x00000000c0000000, 0x00000000d0280000, 0x00000000eab00000)
  object space 264704K, 95% used [0x00000000c0000000,0x00000000cf7d7f68,0x00000000d0280000)
 Metaspace       used 6738K, capacity 7320K, committed 7680K, reserved 1056768K
  class space    used 639K, capacity 656K, committed 768K, reserved 1048576K
Event: 47.484 GC heap after
Heap after GC invocations=19 (full 3):
 PSYoungGen      total 236032K, used 23783K [0x00000000eab00000, 0x0000000100000000, 0x0000000100000000)
  eden space 119808K, 0% used [0x00000000eab00000,0x00000000eab00000,0x00000000f2000000)
  from space 116224K, 20% used [0x00000000f8e80000,0x00000000fa5b9f70,0x0000000100000000)
  to   space 113152K, 0% used [0x00000000f2000000,0x00000000f2000000,0x00000000f8e80000)
 ParOldGen       total 425472K, used 264422K [0x00000000c0000000, 0x00000000d9f80000, 0x00000000eab00000)
  object space 425472K, 62% used [0x00000000c0000000,0x00000000d0239be8,0x00000000d9f80000)
 Metaspace       used 6738K, capacity 7320K, committed 7680K, reserved 1056768K
  class space    used 639K, capacity 656K, committed 768K, reserved 1048576K
}

