# JRE version: Java(TM) SE Runtime Environment (8.0_181-b13) (build 1.8.0_181-b13)
# Java VM: Java HotSpot(TM) 64-Bit Server VM (25.181-b13 mixed mode windows-amd64 compressed oops)
Heap:
 PSYoungGen      total 253952K, used 211378K [0x00000000eab00000, 0x0000000100000000, 0x0000000100000000)
  eden space 215552K, 98% used [0x00000000eab00000,0x00000000f796cad0,0x00000000f7d80000)
  from space 38400K, 0% used [0x00000000f7d80000,0x00000000f7d80000,0x00000000fa300000)
  to   space 54784K, 0% used [0x00000000fca80000,0x00000000fca80000,0x0000000100000000)
 ParOldGen       total 76800K, used 76579K [0x00000000c0000000, 0x00000000c4b00000, 0x00000000eab00000)
  object space 76800K, 99% used [0x00000000c0000000,0x00000000c4ac8c70,0x00000000c4b00000)
 Metaspace       used 6708K, capacity 7320K, committed 7680K, reserved 1056768K
  class space    used 638K, capacity 656K, committed 768K, reserved 1048576K
GC Heap History (10 events):
Event: 14.377 GC heap before
{Heap before GC invocations=9 (full 0):
 PSYoungGen      total 246272K, used 246261K [0x00000000eab00000, 0x00000000fd000000, 0x0000000100000000)
  eden space 215552K, 100% used [0x00000000eab00000,0x00000000f7d80000,0x00000000f7d80000)
  from space 30720K, 99% used [0x00000000fa300000,0x00000000fc0fd618,0x00000000fc100000)
  to   space 38400K, 0% used [0x00000000f7d80000,0x00000000f7d80000,0x00000000fa300000)
 ParOldGen       total 76800K, used 48268K [0x00000000c0000000, 0x00000000c4b00000, 0x00000000eab00000)
  object space 76800K, 62% used [0x00000000c0000000,0x00000000c2f231e8,0x00000000c4b00000)
 Metaspace       used 6682K, capacity 7256K, committed 7424K, reserved 1056768K
  class space    used 637K, capacity 656K, committed 768K, reserved 1048576K
Event: 14.673 GC heap after
Heap after GC invocations=9 (full 0):
 PSYoungGen      total 253952K, used 38392K [0x00000000eab00000, 0x0000000100000000, 0x0000000100000000)
  eden space 215552K, 0% used [0x00000000eab00000,0x00000000eab00000,0x00000000f7d80000)
  from space 38400K, 99% used [0x00000000f7d80000,0x00000000fa2fe0d0,0x00000000fa300000)
  to   space 54784K, 0% used [0x00000000fca80000,0x00000000fca80000,0x0000000100000000)
 ParOldGen       total 76800K, used 72805K [0x00000000c0000000, 0x00000000c4b00000, 0x00000000eab00000)
  object space 76800K, 94% used [0x00000000c0000000,0x00000000c4719610,0x00000000c4b00000)
 Metaspace       used 6682K, capacity 7256K, committed 7424K, reserved 1056768K
  class space    used 637K, capacity 656K, committed 768K, reserved 1048576K
}
Event: 14.674 GC heap before
{Heap before GC invocations=10 (full 1):
 PSYoungGen      total 253952K, used 38392K [0x00000000eab00000, 0x0000000100000000, 0x0000000100000000)
  eden space 215552K, 0% used [0x00000000eab00000,0x00000000eab00000,0x00000000f7d80000)
  from space 38400K, 99% used [0x00000000f7d80000,0x00000000fa2fe0d0,0x00000000fa300000)
  to   space 54784K, 0% used [0x00000000fca80000,0x00000000fca80000,0x0000000100000000)
 ParOldGen       total 76800K, used 72805K [0x00000000c0000000, 0x00000000c4b00000, 0x00000000eab00000)
  object space 76800K, 94% used [0x00000000c0000000,0x00000000c4719610,0x00000000c4b00000)
 Metaspace       used 6682K, capacity 7256K, committed 7424K, reserved 1056768K
  class space    used 637K, capacity 656K, committed 768K, reserved 1048576K
Event: 16.438 GC heap after
Heap after GC invocations=10 (full 1):
 PSYoungGen      total 253952K, used 29612K [0x00000000eab00000, 0x0000000100000000, 0x0000000100000000)
  eden space 215552K, 0% used [0x00000000eab00000,0x00000000eab00000,0x00000000f7d80000)
  from space 38400K, 77% used [0x00000000f7d80000,0x00000000f9a6b190,0x00000000fa300000)
  to   space 54784K, 0% used [0x00000000fca80000,0x00000000fca80000,0x0000000100000000)
 ParOldGen       total 76800K, used 76326K [0x00000000c0000000, 0x00000000c4b00000, 0x00000000eab00000)
  object space 76800K, 99% used [0x00000000c0000000,0x00000000c4a89ba0,0x00000000c4b00000)
 Metaspace       used 6682K, capacity 7256K, committed 7424K, reserved 1056768K
  class space    used 637K, capacity 656K, committed 768K, reserved 1048576K
}
Event: 19.052 GC heap before
{Heap before GC invocations=11 (full 2):
 PSYoungGen      total 253952K, used 245164K [0x00000000eab00000, 0x0000000100000000, 0x0000000100000000)
  eden space 215552K, 100% used [0x00000000eab00000,0x00000000f7d80000,0x00000000f7d80000)
  from space 38400K, 77% used [0x00000000f7d80000,0x00000000f9a6b190,0x00000000fa300000)
  to   space 54784K, 0% used [0x00000000fca80000,0x00000000fca80000,0x0000000100000000)
 ParOldGen       total 76800K, used 76326K [0x00000000c0000000, 0x00000000c4b00000, 0x00000000eab00000)
  object space 76800K, 99% used [0x00000000c0000000,0x00000000c4a89ba0,0x00000000c4b00000)
 Metaspace       used 6696K, capacity 7256K, committed 7424K, reserved 1056768K
  class space    used 637K, capacity 656K, committed 768K, reserved 1048576K
Event: 20.275 GC heap after
Heap after GC invocations=11 (full 2):
 PSYoungGen      total 253952K, used 59093K [0x00000000eab00000, 0x0000000100000000, 0x0000000100000000)
  eden space 215552K, 27% used [0x00000000eab00000,0x00000000ee4b57b0,0x00000000f7d80000)
  from space 38400K, 0% used [0x00000000f7d80000,0x00000000f7d80000,0x00000000fa300000)
  to   space 54784K, 0% used [0x00000000fca80000,0x00000000fca80000,0x0000000100000000)
 ParOldGen       total 76800K, used 76787K [0x00000000c0000000, 0x00000000c4b00000, 0x00000000eab00000)
  object space 76800K, 99% used [0x00000000c0000000,0x00000000c4afccf0,0x00000000c4b00000)
 Metaspace       used 6696K, capacity 7256K, committed 7424K, reserved 1056768K
  class space    used 637K, capacity 656K, committed 768K, reserved 1048576K
}
Event: 23.008 GC heap before
{Heap before GC invocations=12 (full 3):
 PSYoungGen      total 253952K, used 215552K [0x00000000eab00000, 0x0000000100000000, 0x0000000100000000)
  eden space 215552K, 100% used [0x00000000eab00000,0x00000000f7d80000,0x00000000f7d80000)
  from space 38400K, 0% used [0x00000000f7d80000,0x00000000f7d80000,0x00000000fa300000)
  to   space 54784K, 0% used [0x00000000fca80000,0x00000000fca80000,0x0000000100000000)
 ParOldGen       total 76800K, used 76787K [0x00000000c0000000, 0x00000000c4b00000, 0x00000000eab00000)
  object space 76800K, 99% used [0x00000000c0000000,0x00000000c4afccf0,0x00000000c4b00000)
 Metaspace       used 6699K, capacity 7256K, committed 7424K, reserved 1056768K
  class space    used 637K, capacity 656K, committed 768K, reserved 1048576K
Event: 24.740 GC heap after
Heap after GC invocations=12 (full 3):
 PSYoungGen      total 253952K, used 80322K [0x00000000eab00000, 0x0000000100000000, 0x0000000100000000)
  eden space 215552K, 37% used [0x00000000eab00000,0x00000000ef970b28,0x00000000f7d80000)
  from space 38400K, 0% used [0x00000000f7d80000,0x00000000f7d80000,0x00000000fa300000)
  to   space 54784K, 0% used [0x00000000fca80000,0x00000000fca80000,0x0000000100000000)
 ParOldGen       total 76800K, used 76579K [0x00000000c0000000, 0x00000000c4b00000, 0x00000000eab00000)
  object space 76800K, 99% used [0x00000000c0000000,0x00000000c4ac8e18,0x00000000c4b00000)
 Metaspace       used 6699K, capacity 7256K, committed 7424K, reserved 1056768K
  class space    used 637K, capacity 656K, committed 768K, reserved 1048576K
}
Event: 26.235 GC heap before
{Heap before GC invocations=13 (full 4):
 PSYoungGen      total 253952K, used 215552K [0x00000000eab00000, 0x0000000100000000, 0x0000000100000000)
  eden space 215552K, 100% used [0x00000000eab00000,0x00000000f7d80000,0x00000000f7d80000)
  from space 38400K, 0% used [0x00000000f7d80000,0x00000000f7d80000,0x00000000fa300000)
  to   space 54784K, 0% used [0x00000000fca80000,0x00000000fca80000,0x0000000100000000)
 ParOldGen       total 76800K, used 76579K [0x00000000c0000000, 0x00000000c4b00000, 0x00000000eab00000)
  object space 76800K, 99% used [0x00000000c0000000,0x00000000c4ac8e18,0x00000000c4b00000)
 Metaspace       used 6705K, capacity 7320K, committed 7680K, reserved 1056768K
  class space    used 637K, capacity 656K, committed 768K, reserved 1048576K
Event: 28.044 GC heap after
Heap after GC invocations=13 (full 4):
 PSYoungGen      total 253952K, used 98327K [0x00000000eab00000, 0x0000000100000000, 0x0000000100000000)
  eden space 215552K, 45% used [0x00000000eab00000,0x00000000f0b05de0,0x00000000f7d80000)
  from space 38400K, 0% used [0x00000000f7d80000,0x00000000f7d80000,0x00000000fa300000)
  to   space 54784K, 0% used [0x00000000fca80000,0x00000000fca80000,0x0000000100000000)
 ParOldGen       total 76800K, used 76579K [0x00000000c0000000, 0x00000000c4b00000, 0x00000000eab00000)
  object space 76800K, 99% used [0x00000000c0000000,0x00000000c4ac8c70,0x00000000c4b00000)
 Metaspace       used 6705K, capacity 7320K, committed 7680K, reserved 1056768K
  class space    used 637K, capacity 656K, committed 768K, reserved 1048576K
}

