# JRE version: Java(TM) SE Runtime Environment (8.0_181-b13) (build 1.8.0_181-b13)
# Java VM: Java HotSpot(TM) 64-Bit Server VM (25.181-b13 mixed mode windows-amd64 compressed oops)
Heap:
 PSYoungGen      total 26624K, used 7184K [0x00000000daf00000, 0x00000000dd300000, 0x0000000100000000)
  eden space 17408K, 29% used [0x00000000daf00000,0x00000000db418060,0x00000000dc000000)
  from space 9216K, 21% used [0x00000000dc000000,0x00000000dc1ec010,0x00000000dc900000)
  to   space 8704K, 0% used [0x00000000dca80000,0x00000000dca80000,0x00000000dd300000)
 ParOldGen       total 56832K, used 37309K [0x0000000090c00000, 0x0000000094380000, 0x00000000daf00000)
  object space 56832K, 65% used [0x0000000090c00000,0x000000009306f408,0x0000000094380000)
 Metaspace       used 9973K, capacity 10368K, committed 10624K, reserved 1058816K
  class space    used 1040K, capacity 1076K, committed 1152K, reserved 1048576K
GC Heap History (10 events):
Event: 8.365 GC heap before
{Heap before GC invocations=31 (full 5):
 PSYoungGen      total 20992K, used 20221K [0x00000000daf00000, 0x00000000dce00000, 0x0000000100000000)
  eden space 14848K, 100% used [0x00000000daf00000,0x00000000dbd80000,0x00000000dbd80000)
  from space 6144K, 87% used [0x00000000dbd80000,0x00000000dc2bf7f8,0x00000000dc380000)
  to   space 7168K, 0% used [0x00000000dc700000,0x00000000dc700000,0x00000000dce00000)
 ParOldGen       total 43008K, used 27971K [0x0000000090c00000, 0x0000000093600000, 0x00000000daf00000)
  object space 43008K, 65% used [0x0000000090c00000,0x0000000092750e08,0x0000000093600000)
 Metaspace       used 8156K, capacity 8884K, committed 9216K, reserved 1056768K
  class space    used 917K, capacity 944K, committed 1024K, reserved 1048576K
Event: 8.397 GC heap after
Heap after GC invocations=31 (full 5):
 PSYoungGen      total 22528K, used 7146K [0x00000000daf00000, 0x00000000dd180000, 0x0000000100000000)
  eden space 15360K, 0% used [0x00000000daf00000,0x00000000daf00000,0x00000000dbe00000)
  from space 7168K, 99% used [0x00000000dc700000,0x00000000dcdfa860,0x00000000dce00000)
  to   space 9216K, 0% used [0x00000000dbe00000,0x00000000dbe00000,0x00000000dc700000)
 ParOldGen       total 43008K, used 31194K [0x0000000090c00000, 0x0000000093600000, 0x00000000daf00000)
  object space 43008K, 72% used [0x0000000090c00000,0x0000000092a768d8,0x0000000093600000)
 Metaspace       used 8156K, capacity 8884K, committed 9216K, reserved 1056768K
  class space    used 917K, capacity 944K, committed 1024K, reserved 1048576K
}
Event: 10.830 GC heap before
{Heap before GC invocations=32 (full 5):
 PSYoungGen      total 22528K, used 22506K [0x00000000daf00000, 0x00000000dd180000, 0x0000000100000000)
  eden space 15360K, 100% used [0x00000000daf00000,0x00000000dbe00000,0x00000000dbe00000)
  from space 7168K, 99% used [0x00000000dc700000,0x00000000dcdfa860,0x00000000dce00000)
  to   space 9216K, 0% used [0x00000000dbe00000,0x00000000dbe00000,0x00000000dc700000)
 ParOldGen       total 43008K, used 31194K [0x0000000090c00000, 0x0000000093600000, 0x00000000daf00000)
  object space 43008K, 72% used [0x0000000090c00000,0x0000000092a768d8,0x0000000093600000)
 Metaspace       used 9372K, capacity 9856K, committed 10112K, reserved 1058816K
  class space    used 1039K, capacity 1076K, committed 1152K, reserved 1048576K
Event: 10.849 GC heap after
Heap after GC invocations=32 (full 5):
 PSYoungGen      total 24576K, used 1120K [0x00000000daf00000, 0x00000000dd200000, 0x0000000100000000)
  eden space 15360K, 0% used [0x00000000daf00000,0x00000000daf00000,0x00000000dbe00000)
  from space 9216K, 12% used [0x00000000dbe00000,0x00000000dbf18000,0x00000000dc700000)
  to   space 9216K, 0% used [0x00000000dc900000,0x00000000dc900000,0x00000000dd200000)
 ParOldGen       total 43008K, used 38316K [0x0000000090c00000, 0x0000000093600000, 0x00000000daf00000)
  object space 43008K, 89% used [0x0000000090c00000,0x000000009316b078,0x0000000093600000)
 Metaspace       used 9372K, capacity 9856K, committed 10112K, reserved 1058816K
  class space    used 1039K, capacity 1076K, committed 1152K, reserved 1048576K
}
Event: 10.849 GC heap before
{Heap before GC invocations=33 (full 6):
 PSYoungGen      total 24576K, used 1120K [0x00000000daf00000, 0x00000000dd200000, 0x0000000100000000)
  eden space 15360K, 0% used [0x00000000daf00000,0x00000000daf00000,0x00000000dbe00000)
  from space 9216K, 12% used [0x00000000dbe00000,0x00000000dbf18000,0x00000000dc700000)
  to   space 9216K, 0% used [0x00000000dc900000,0x00000000dc900000,0x00000000dd200000)
 ParOldGen       total 43008K, used 38316K [0x0000000090c00000, 0x0000000093600000, 0x00000000daf00000)
  object space 43008K, 89% used [0x0000000090c00000,0x000000009316b078,0x0000000093600000)
 Metaspace       used 9372K, capacity 9856K, committed 10112K, reserved 1058816K
  class space    used 1039K, capacity 1076K, committed 1152K, reserved 1048576K
Event: 11.091 GC heap after
Heap after GC invocations=33 (full 6):
 PSYoungGen      total 24576K, used 0K [0x00000000daf00000, 0x00000000dd200000, 0x0000000100000000)
  eden space 15360K, 0% used [0x00000000daf00000,0x00000000daf00000,0x00000000dbe00000)
  from space 9216K, 0% used [0x00000000dbe00000,0x00000000dbe00000,0x00000000dc700000)
  to   space 9216K, 0% used [0x00000000dc900000,0x00000000dc900000,0x00000000dd200000)
 ParOldGen       total 56832K, used 37301K [0x0000000090c00000, 0x0000000094380000, 0x00000000daf00000)
  object space 56832K, 65% used [0x0000000090c00000,0x000000009306d408,0x0000000094380000)
 Metaspace       used 9372K, capacity 9856K, committed 10112K, reserved 1058816K
  class space    used 1039K, capacity 1076K, committed 1152K, reserved 1048576K
}
Event: 12.471 GC heap before
{Heap before GC invocations=34 (full 6):
 PSYoungGen      total 24576K, used 15360K [0x00000000daf00000, 0x00000000dd200000, 0x0000000100000000)
  eden space 15360K, 100% used [0x00000000daf00000,0x00000000dbe00000,0x00000000dbe00000)
  from space 9216K, 0% used [0x00000000dbe00000,0x00000000dbe00000,0x00000000dc700000)
  to   space 9216K, 0% used [0x00000000dc900000,0x00000000dc900000,0x00000000dd200000)
 ParOldGen       total 56832K, used 37301K [0x0000000090c00000, 0x0000000094380000, 0x00000000daf00000)
  object space 56832K, 65% used [0x0000000090c00000,0x000000009306d408,0x0000000094380000)
 Metaspace       used 9607K, capacity 10048K, committed 10368K, reserved 1058816K
  class space    used 1039K, capacity 1076K, committed 1152K, reserved 1048576K
Event: 12.477 GC heap after
Heap after GC invocations=34 (full 6):
 PSYoungGen      total 26624K, used 672K [0x00000000daf00000, 0x00000000dd200000, 0x0000000100000000)
  eden space 17408K, 0% used [0x00000000daf00000,0x00000000daf00000,0x00000000dc000000)
  from space 9216K, 7% used [0x00000000dc900000,0x00000000dc9a8000,0x00000000dd200000)
  to   space 9216K, 0% used [0x00000000dc000000,0x00000000dc000000,0x00000000dc900000)
 ParOldGen       total 56832K, used 37301K [0x0000000090c00000, 0x0000000094380000, 0x00000000daf00000)
  object space 56832K, 65% used [0x0000000090c00000,0x000000009306d408,0x0000000094380000)
 Metaspace       used 9607K, capacity 10048K, committed 10368K, reserved 1058816K
  class space    used 1039K, capacity 1076K, committed 1152K, reserved 1048576K
}
Event: 14.791 GC heap before
{Heap before GC invocations=35 (full 6):
 PSYoungGen      total 26624K, used 18080K [0x00000000daf00000, 0x00000000dd200000, 0x0000000100000000)
  eden space 17408K, 100% used [0x00000000daf00000,0x00000000dc000000,0x00000000dc000000)
  from space 9216K, 7% used [0x00000000dc900000,0x00000000dc9a8000,0x00000000dd200000)
  to   space 9216K, 0% used [0x00000000dc000000,0x00000000dc000000,0x00000000dc900000)
 ParOldGen       total 56832K, used 37301K [0x0000000090c00000, 0x0000000094380000, 0x00000000daf00000)
  object space 56832K, 65% used [0x0000000090c00000,0x000000009306d408,0x0000000094380000)
 Metaspace       used 9931K, capacity 10304K, committed 10624K, reserved 1058816K
  class space    used 1040K, capacity 1076K, committed 1152K, reserved 1048576K
Event: 14.831 GC heap after
Heap after GC invocations=35 (full 6):
 PSYoungGen      total 26624K, used 1968K [0x00000000daf00000, 0x00000000dd300000, 0x0000000100000000)
  eden space 17408K, 0% used [0x00000000daf00000,0x00000000daf00000,0x00000000dc000000)
  from space 9216K, 21% used [0x00000000dc000000,0x00000000dc1ec010,0x00000000dc900000)
  to   space 8704K, 0% used [0x00000000dca80000,0x00000000dca80000,0x00000000dd300000)
 ParOldGen       total 56832K, used 37309K [0x0000000090c00000, 0x0000000094380000, 0x00000000daf00000)
  object space 56832K, 65% used [0x0000000090c00000,0x000000009306f408,0x0000000094380000)
 Metaspace       used 9931K, capacity 10304K, committed 10624K, reserved 1058816K
  class space    used 1040K, capacity 1076K, committed 1152K, reserved 1048576K
}

