# JRE version: Java(TM) SE Runtime Environment (8.0_181-b13) (build 1.8.0_181-b13)
# Java VM: Java HotSpot(TM) 64-Bit Server VM (25.181-b13 mixed mode windows-amd64 compressed oops)
Heap:
 PSYoungGen      total 38400K, used 27666K [0x00000000daf00000, 0x00000000ddd80000, 0x0000000100000000)
  eden space 30720K, 90% used [0x00000000daf00000,0x00000000dca04a60,0x00000000dcd00000)
  from space 7680K, 0% used [0x00000000dcd00000,0x00000000dcd00000,0x00000000dd480000)
  to   space 6656K, 0% used [0x00000000dd480000,0x00000000dd480000,0x00000000ddb00000)
 ParOldGen       total 20480K, used 19978K [0x0000000090c00000, 0x0000000092000000, 0x00000000daf00000)
  object space 20480K, 97% used [0x0000000090c00000,0x0000000091f828e8,0x0000000092000000)
 Metaspace       used 9324K, capacity 9760K, committed 10112K, reserved 1058816K
  class space    used 1032K, capacity 1044K, committed 1152K, reserved 1048576K
GC Heap History (10 events):
Event: 1.710 GC heap before
{Heap before GC invocations=12 (full 2):
 PSYoungGen      total 37376K, used 6373K [0x00000000daf00000, 0x00000000ddd80000, 0x0000000100000000)
  eden space 30720K, 0% used [0x00000000daf00000,0x00000000daf00000,0x00000000dcd00000)
  from space 6656K, 95% used [0x00000000dd480000,0x00000000ddab9438,0x00000000ddb00000)
  to   space 7680K, 0% used [0x00000000dcd00000,0x00000000dcd00000,0x00000000dd480000)
 ParOldGen       total 13312K, used 13171K [0x0000000090c00000, 0x0000000091900000, 0x00000000daf00000)
  object space 13312K, 98% used [0x0000000090c00000,0x00000000918dcda0,0x0000000091900000)
 Metaspace       used 7358K, capacity 8244K, committed 8448K, reserved 1056768K
  class space    used 890K, capacity 944K, committed 1024K, reserved 1048576K
Event: 1.776 GC heap after
Heap after GC invocations=12 (full 2):
 PSYoungGen      total 37376K, used 6313K [0x00000000daf00000, 0x00000000ddd80000, 0x0000000100000000)
  eden space 30720K, 0% used [0x00000000daf00000,0x00000000daf00000,0x00000000dcd00000)
  from space 6656K, 94% used [0x00000000dd480000,0x00000000ddaaa4e8,0x00000000ddb00000)
  to   space 7680K, 0% used [0x00000000dcd00000,0x00000000dcd00000,0x00000000dd480000)
 ParOldGen       total 20480K, used 11779K [0x0000000090c00000, 0x0000000092000000, 0x00000000daf00000)
  object space 20480K, 57% used [0x0000000090c00000,0x0000000091780f18,0x0000000092000000)
 Metaspace       used 7358K, capacity 8244K, committed 8448K, reserved 1056768K
  class space    used 890K, capacity 944K, committed 1024K, reserved 1048576K
}
Event: 2.239 GC heap before
{Heap before GC invocations=13 (full 2):
 PSYoungGen      total 37376K, used 37033K [0x00000000daf00000, 0x00000000ddd80000, 0x0000000100000000)
  eden space 30720K, 100% used [0x00000000daf00000,0x00000000dcd00000,0x00000000dcd00000)
  from space 6656K, 94% used [0x00000000dd480000,0x00000000ddaaa4e8,0x00000000ddb00000)
  to   space 7680K, 0% used [0x00000000dcd00000,0x00000000dcd00000,0x00000000dd480000)
 ParOldGen       total 20480K, used 11779K [0x0000000090c00000, 0x0000000092000000, 0x00000000daf00000)
  object space 20480K, 57% used [0x0000000090c00000,0x0000000091780f18,0x0000000092000000)
 Metaspace       used 7452K, capacity 8308K, committed 8448K, reserved 1056768K
  class space    used 890K, capacity 944K, committed 1024K, reserved 1048576K
Event: 2.269 GC heap after
Heap after GC invocations=13 (full 2):
 PSYoungGen      total 38400K, used 6687K [0x00000000daf00000, 0x00000000ddd80000, 0x0000000100000000)
  eden space 30720K, 0% used [0x00000000daf00000,0x00000000daf00000,0x00000000dcd00000)
  from space 7680K, 87% used [0x00000000dcd00000,0x00000000dd387f80,0x00000000dd480000)
  to   space 6656K, 0% used [0x00000000dd480000,0x00000000dd480000,0x00000000ddb00000)
 ParOldGen       total 20480K, used 16754K [0x0000000090c00000, 0x0000000092000000, 0x00000000daf00000)
  object space 20480K, 81% used [0x0000000090c00000,0x0000000091c5ca78,0x0000000092000000)
 Metaspace       used 7452K, capacity 8308K, committed 8448K, reserved 1056768K
  class space    used 890K, capacity 944K, committed 1024K, reserved 1048576K
}
Event: 2.269 GC heap before
{Heap before GC invocations=14 (full 3):
 PSYoungGen      total 38400K, used 6687K [0x00000000daf00000, 0x00000000ddd80000, 0x0000000100000000)
  eden space 30720K, 0% used [0x00000000daf00000,0x00000000daf00000,0x00000000dcd00000)
  from space 7680K, 87% used [0x00000000dcd00000,0x00000000dd387f80,0x00000000dd480000)
  to   space 6656K, 0% used [0x00000000dd480000,0x00000000dd480000,0x00000000ddb00000)
 ParOldGen       total 20480K, used 16754K [0x0000000090c00000, 0x0000000092000000, 0x00000000daf00000)
  object space 20480K, 81% used [0x0000000090c00000,0x0000000091c5ca78,0x0000000092000000)
 Metaspace       used 7452K, capacity 8308K, committed 8448K, reserved 1056768K
  class space    used 890K, capacity 944K, committed 1024K, reserved 1048576K
Event: 2.372 GC heap after
Heap after GC invocations=14 (full 3):
 PSYoungGen      total 38400K, used 3532K [0x00000000daf00000, 0x00000000ddd80000, 0x0000000100000000)
  eden space 30720K, 0% used [0x00000000daf00000,0x00000000daf00000,0x00000000dcd00000)
  from space 7680K, 45% used [0x00000000dcd00000,0x00000000dd073090,0x00000000dd480000)
  to   space 6656K, 0% used [0x00000000dd480000,0x00000000dd480000,0x00000000ddb00000)
 ParOldGen       total 20480K, used 19133K [0x0000000090c00000, 0x0000000092000000, 0x00000000daf00000)
  object space 20480K, 93% used [0x0000000090c00000,0x0000000091eaf720,0x0000000092000000)
 Metaspace       used 7452K, capacity 8308K, committed 8448K, reserved 1056768K
  class space    used 890K, capacity 944K, committed 1024K, reserved 1048576K
}
Event: 3.101 GC heap before
{Heap before GC invocations=15 (full 4):
 PSYoungGen      total 38400K, used 34252K [0x00000000daf00000, 0x00000000ddd80000, 0x0000000100000000)
  eden space 30720K, 100% used [0x00000000daf00000,0x00000000dcd00000,0x00000000dcd00000)
  from space 7680K, 45% used [0x00000000dcd00000,0x00000000dd073090,0x00000000dd480000)
  to   space 6656K, 0% used [0x00000000dd480000,0x00000000dd480000,0x00000000ddb00000)
 ParOldGen       total 20480K, used 19133K [0x0000000090c00000, 0x0000000092000000, 0x00000000daf00000)
  object space 20480K, 93% used [0x0000000090c00000,0x0000000091eaf720,0x0000000092000000)
 Metaspace       used 7995K, capacity 8756K, committed 8960K, reserved 1056768K
  class space    used 914K, capacity 944K, committed 1024K, reserved 1048576K
Event: 3.211 GC heap after
Heap after GC invocations=15 (full 4):
 PSYoungGen      total 38400K, used 13462K [0x00000000daf00000, 0x00000000ddd80000, 0x0000000100000000)
  eden space 30720K, 43% used [0x00000000daf00000,0x00000000dbc25b10,0x00000000dcd00000)
  from space 7680K, 0% used [0x00000000dcd00000,0x00000000dcd00000,0x00000000dd480000)
  to   space 6656K, 0% used [0x00000000dd480000,0x00000000dd480000,0x00000000ddb00000)
 ParOldGen       total 20480K, used 20238K [0x0000000090c00000, 0x0000000092000000, 0x00000000daf00000)
  object space 20480K, 98% used [0x0000000090c00000,0x0000000091fc3a88,0x0000000092000000)
 Metaspace       used 7995K, capacity 8756K, committed 8960K, reserved 1056768K
  class space    used 914K, capacity 944K, committed 1024K, reserved 1048576K
}
Event: 3.738 GC heap before
{Heap before GC invocations=16 (full 5):
 PSYoungGen      total 38400K, used 30720K [0x00000000daf00000, 0x00000000ddd80000, 0x0000000100000000)
  eden space 30720K, 100% used [0x00000000daf00000,0x00000000dcd00000,0x00000000dcd00000)
  from space 7680K, 0% used [0x00000000dcd00000,0x00000000dcd00000,0x00000000dd480000)
  to   space 6656K, 0% used [0x00000000dd480000,0x00000000dd480000,0x00000000ddb00000)
 ParOldGen       total 20480K, used 20238K [0x0000000090c00000, 0x0000000092000000, 0x00000000daf00000)
  object space 20480K, 98% used [0x0000000090c00000,0x0000000091fc3a88,0x0000000092000000)
 Metaspace       used 8226K, capacity 8948K, committed 9216K, reserved 1056768K
  class space    used 922K, capacity 944K, committed 1024K, reserved 1048576K
Event: 3.898 GC heap after
Heap after GC invocations=16 (full 5):
 PSYoungGen      total 38400K, used 17698K [0x00000000daf00000, 0x00000000ddd80000, 0x0000000100000000)
  eden space 30720K, 57% used [0x00000000daf00000,0x00000000dc048848,0x00000000dcd00000)
  from space 7680K, 0% used [0x00000000dcd00000,0x00000000dcd00000,0x00000000dd480000)
  to   space 6656K, 0% used [0x00000000dd480000,0x00000000dd480000,0x00000000ddb00000)
 ParOldGen       total 20480K, used 19978K [0x0000000090c00000, 0x0000000092000000, 0x00000000daf00000)
  object space 20480K, 97% used [0x0000000090c00000,0x0000000091f828e8,0x0000000092000000)
 Metaspace       used 8226K, capacity 8948K, committed 9216K, reserved 1056768K
  class space    used 922K, capacity 944K, committed 1024K, reserved 1048576K
}

