# JRE version: Java(TM) SE Runtime Environment (8.0_181-b13) (build 1.8.0_181-b13)
# Java VM: Java HotSpot(TM) 64-Bit Server VM (25.181-b13 mixed mode windows-amd64 compressed oops)
Heap:
 PSYoungGen      total 35840K, used 20843K [0x00000000daf00000, 0x00000000dd780000, 0x0000000100000000)
  eden space 30208K, 69% used [0x00000000daf00000,0x00000000dc35ae68,0x00000000dcc80000)
  from space 5632K, 0% used [0x00000000dcc80000,0x00000000dcc80000,0x00000000dd200000)
  to   space 4608K, 0% used [0x00000000dd300000,0x00000000dd300000,0x00000000dd780000)
 ParOldGen       total 19968K, used 19897K [0x0000000090c00000, 0x0000000091f80000, 0x00000000daf00000)
  object space 19968K, 99% used [0x0000000090c00000,0x0000000091f6e6c0,0x0000000091f80000)
 Metaspace       used 8975K, capacity 9440K, committed 9600K, reserved 1062912K
  class space    used 1003K, capacity 1044K, committed 1152K, reserved 1048576K
GC Heap History (10 events):
Event: 1.450 GC heap before
{Heap before GC invocations=12 (full 2):
 PSYoungGen      total 28160K, used 24510K [0x00000000daf00000, 0x00000000dd780000, 0x0000000100000000)
  eden space 24064K, 98% used [0x00000000daf00000,0x00000000dc60b400,0x00000000dc680000)
  from space 4096K, 22% used [0x00000000dc680000,0x00000000dc764630,0x00000000dca80000)
  to   space 4608K, 0% used [0x00000000dd300000,0x00000000dd300000,0x00000000dd780000)
 ParOldGen       total 19968K, used 12197K [0x0000000090c00000, 0x0000000091f80000, 0x00000000daf00000)
  object space 19968K, 61% used [0x0000000090c00000,0x00000000917e94e0,0x0000000091f80000)
 Metaspace       used 7355K, capacity 8244K, committed 8448K, reserved 1056768K
  class space    used 890K, capacity 944K, committed 1024K, reserved 1048576K
Event: 1.462 GC heap after
Heap after GC invocations=12 (full 2):
 PSYoungGen      total 34816K, used 4593K [0x00000000daf00000, 0x00000000dd780000, 0x0000000100000000)
  eden space 30208K, 0% used [0x00000000daf00000,0x00000000daf00000,0x00000000dcc80000)
  from space 4608K, 99% used [0x00000000dd300000,0x00000000dd77c7c8,0x00000000dd780000)
  to   space 5632K, 0% used [0x00000000dcc80000,0x00000000dcc80000,0x00000000dd200000)
 ParOldGen       total 19968K, used 12213K [0x0000000090c00000, 0x0000000091f80000, 0x00000000daf00000)
  object space 19968K, 61% used [0x0000000090c00000,0x00000000917ed4e0,0x0000000091f80000)
 Metaspace       used 7355K, capacity 8244K, committed 8448K, reserved 1056768K
  class space    used 890K, capacity 944K, committed 1024K, reserved 1048576K
}
Event: 1.948 GC heap before
{Heap before GC invocations=13 (full 2):
 PSYoungGen      total 34816K, used 34801K [0x00000000daf00000, 0x00000000dd780000, 0x0000000100000000)
  eden space 30208K, 100% used [0x00000000daf00000,0x00000000dcc80000,0x00000000dcc80000)
  from space 4608K, 99% used [0x00000000dd300000,0x00000000dd77c7c8,0x00000000dd780000)
  to   space 5632K, 0% used [0x00000000dcc80000,0x00000000dcc80000,0x00000000dd200000)
 ParOldGen       total 19968K, used 12213K [0x0000000090c00000, 0x0000000091f80000, 0x00000000daf00000)
  object space 19968K, 61% used [0x0000000090c00000,0x00000000917ed4e0,0x0000000091f80000)
 Metaspace       used 7478K, capacity 8308K, committed 8448K, reserved 1056768K
  class space    used 890K, capacity 944K, committed 1024K, reserved 1048576K
Event: 1.987 GC heap after
Heap after GC invocations=13 (full 2):
 PSYoungGen      total 35840K, used 5304K [0x00000000daf00000, 0x00000000dd780000, 0x0000000100000000)
  eden space 30208K, 0% used [0x00000000daf00000,0x00000000daf00000,0x00000000dcc80000)
  from space 5632K, 94% used [0x00000000dcc80000,0x00000000dd1ae098,0x00000000dd200000)
  to   space 4608K, 0% used [0x00000000dd300000,0x00000000dd300000,0x00000000dd780000)
 ParOldGen       total 19968K, used 18170K [0x0000000090c00000, 0x0000000091f80000, 0x00000000daf00000)
  object space 19968K, 90% used [0x0000000090c00000,0x0000000091dbe8d0,0x0000000091f80000)
 Metaspace       used 7478K, capacity 8308K, committed 8448K, reserved 1056768K
  class space    used 890K, capacity 944K, committed 1024K, reserved 1048576K
}
Event: 1.987 GC heap before
{Heap before GC invocations=14 (full 3):
 PSYoungGen      total 35840K, used 5304K [0x00000000daf00000, 0x00000000dd780000, 0x0000000100000000)
  eden space 30208K, 0% used [0x00000000daf00000,0x00000000daf00000,0x00000000dcc80000)
  from space 5632K, 94% used [0x00000000dcc80000,0x00000000dd1ae098,0x00000000dd200000)
  to   space 4608K, 0% used [0x00000000dd300000,0x00000000dd300000,0x00000000dd780000)
 ParOldGen       total 19968K, used 18170K [0x0000000090c00000, 0x0000000091f80000, 0x00000000daf00000)
  object space 19968K, 90% used [0x0000000090c00000,0x0000000091dbe8d0,0x0000000091f80000)
 Metaspace       used 7478K, capacity 8308K, committed 8448K, reserved 1056768K
  class space    used 890K, capacity 944K, committed 1024K, reserved 1048576K
Event: 2.118 GC heap after
Heap after GC invocations=14 (full 3):
 PSYoungGen      total 35840K, used 3698K [0x00000000daf00000, 0x00000000dd780000, 0x0000000100000000)
  eden space 30208K, 0% used [0x00000000daf00000,0x00000000daf00000,0x00000000dcc80000)
  from space 5632K, 65% used [0x00000000dcc80000,0x00000000dd01cb30,0x00000000dd200000)
  to   space 4608K, 0% used [0x00000000dd300000,0x00000000dd300000,0x00000000dd780000)
 ParOldGen       total 19968K, used 19670K [0x0000000090c00000, 0x0000000091f80000, 0x00000000daf00000)
  object space 19968K, 98% used [0x0000000090c00000,0x0000000091f35880,0x0000000091f80000)
 Metaspace       used 7478K, capacity 8308K, committed 8448K, reserved 1056768K
  class space    used 890K, capacity 944K, committed 1024K, reserved 1048576K
}
Event: 2.801 GC heap before
{Heap before GC invocations=15 (full 4):
 PSYoungGen      total 35840K, used 33906K [0x00000000daf00000, 0x00000000dd780000, 0x0000000100000000)
  eden space 30208K, 100% used [0x00000000daf00000,0x00000000dcc80000,0x00000000dcc80000)
  from space 5632K, 65% used [0x00000000dcc80000,0x00000000dd01cb30,0x00000000dd200000)
  to   space 4608K, 0% used [0x00000000dd300000,0x00000000dd300000,0x00000000dd780000)
 ParOldGen       total 19968K, used 19670K [0x0000000090c00000, 0x0000000091f80000, 0x00000000daf00000)
  object space 19968K, 98% used [0x0000000090c00000,0x0000000091f35880,0x0000000091f80000)
 Metaspace       used 8031K, capacity 8756K, committed 8960K, reserved 1056768K
  class space    used 915K, capacity 944K, committed 1024K, reserved 1048576K
Event: 2.976 GC heap after
Heap after GC invocations=15 (full 4):
 PSYoungGen      total 35840K, used 14016K [0x00000000daf00000, 0x00000000dd780000, 0x0000000100000000)
  eden space 30208K, 46% used [0x00000000daf00000,0x00000000dbcb0090,0x00000000dcc80000)
  from space 5632K, 0% used [0x00000000dcc80000,0x00000000dcc80000,0x00000000dd200000)
  to   space 4608K, 0% used [0x00000000dd300000,0x00000000dd300000,0x00000000dd780000)
 ParOldGen       total 19968K, used 19900K [0x0000000090c00000, 0x0000000091f80000, 0x00000000daf00000)
  object space 19968K, 99% used [0x0000000090c00000,0x0000000091f6f128,0x0000000091f80000)
 Metaspace       used 8031K, capacity 8756K, committed 8960K, reserved 1056768K
  class space    used 915K, capacity 944K, committed 1024K, reserved 1048576K
}
Event: 3.430 GC heap before
{Heap before GC invocations=16 (full 5):
 PSYoungGen      total 35840K, used 30208K [0x00000000daf00000, 0x00000000dd780000, 0x0000000100000000)
  eden space 30208K, 100% used [0x00000000daf00000,0x00000000dcc80000,0x00000000dcc80000)
  from space 5632K, 0% used [0x00000000dcc80000,0x00000000dcc80000,0x00000000dd200000)
  to   space 4608K, 0% used [0x00000000dd300000,0x00000000dd300000,0x00000000dd780000)
 ParOldGen       total 19968K, used 19900K [0x0000000090c00000, 0x0000000091f80000, 0x00000000daf00000)
  object space 19968K, 99% used [0x0000000090c00000,0x0000000091f6f128,0x0000000091f80000)
 Metaspace       used 8264K, capacity 8948K, committed 9216K, reserved 1056768K
  class space    used 926K, capacity 944K, committed 1024K, reserved 1048576K
Event: 3.592 GC heap after
Heap after GC invocations=16 (full 5):
 PSYoungGen      total 35840K, used 17783K [0x00000000daf00000, 0x00000000dd780000, 0x0000000100000000)
  eden space 30208K, 58% used [0x00000000daf00000,0x00000000dc05dce8,0x00000000dcc80000)
  from space 5632K, 0% used [0x00000000dcc80000,0x00000000dcc80000,0x00000000dd200000)
  to   space 4608K, 0% used [0x00000000dd300000,0x00000000dd300000,0x00000000dd780000)
 ParOldGen       total 19968K, used 19897K [0x0000000090c00000, 0x0000000091f80000, 0x00000000daf00000)
  object space 19968K, 99% used [0x0000000090c00000,0x0000000091f6e6c0,0x0000000091f80000)
 Metaspace       used 8264K, capacity 8948K, committed 9216K, reserved 1056768K
  class space    used 926K, capacity 944K, committed 1024K, reserved 1048576K
}

