# JRE version: Java(TM) SE Runtime Environment (8.0_181-b13) (build 1.8.0_181-b13)
# Java VM: Java HotSpot(TM) 64-Bit Server VM (25.181-b13 mixed mode windows-amd64 compressed oops)
Heap:
 PSYoungGen      total 119296K, used 99733K [0x00000000eab00000, 0x00000000f2400000, 0x0000000100000000)
  eden space 114688K, 86% used [0x00000000eab00000,0x00000000f0c656e0,0x00000000f1b00000)
  from space 4608K, 0% used [0x00000000f1f80000,0x00000000f1f80000,0x00000000f2400000)
  to   space 4608K, 0% used [0x00000000f1b00000,0x00000000f1b00000,0x00000000f1f80000)
 ParOldGen       total 143872K, used 143558K [0x00000000c0000000, 0x00000000c8c80000, 0x00000000eab00000)
  object space 143872K, 99% used [0x00000000c0000000,0x00000000c8c31af0,0x00000000c8c80000)
 Metaspace       used 6696K, capacity 7256K, committed 7424K, reserved 1056768K
  class space    used 638K, capacity 656K, committed 768K, reserved 1048576K
GC Heap History (10 events):
Event: 15.122 GC heap before
{Heap before GC invocations=12 (full 2):
 PSYoungGen      total 119296K, used 4603K [0x00000000eab00000, 0x00000000f2400000, 0x0000000100000000)
  eden space 114688K, 0% used [0x00000000eab00000,0x00000000eab00000,0x00000000f1b00000)
  from space 4608K, 99% used [0x00000000f1f80000,0x00000000f23feda0,0x00000000f2400000)
  to   space 4608K, 0% used [0x00000000f1b00000,0x00000000f1b00000,0x00000000f1f80000)
 ParOldGen       total 143872K, used 133130K [0x00000000c0000000, 0x00000000c8c80000, 0x00000000eab00000)
  object space 143872K, 92% used [0x00000000c0000000,0x00000000c82029d8,0x00000000c8c80000)
 Metaspace       used 6686K, capacity 7256K, committed 7424K, reserved 1056768K
  class space    used 638K, capacity 656K, committed 768K, reserved 1048576K
Event: 17.977 GC heap after
Heap after GC invocations=12 (full 2):
 PSYoungGen      total 119296K, used 0K [0x00000000eab00000, 0x00000000f2400000, 0x0000000100000000)
  eden space 114688K, 0% used [0x00000000eab00000,0x00000000eab00000,0x00000000f1b00000)
  from space 4608K, 0% used [0x00000000f1f80000,0x00000000f1f80000,0x00000000f2400000)
  to   space 4608K, 0% used [0x00000000f1b00000,0x00000000f1b00000,0x00000000f1f80000)
 ParOldGen       total 143872K, used 130885K [0x00000000c0000000, 0x00000000c8c80000, 0x00000000eab00000)
  object space 143872K, 90% used [0x00000000c0000000,0x00000000c7fd1670,0x00000000c8c80000)
 Metaspace       used 6686K, capacity 7256K, committed 7424K, reserved 1056768K
  class space    used 638K, capacity 656K, committed 768K, reserved 1048576K
}
Event: 19.055 GC heap before
{Heap before GC invocations=13 (full 3):
 PSYoungGen      total 119296K, used 114688K [0x00000000eab00000, 0x00000000f2400000, 0x0000000100000000)
  eden space 114688K, 100% used [0x00000000eab00000,0x00000000f1b00000,0x00000000f1b00000)
  from space 4608K, 0% used [0x00000000f1f80000,0x00000000f1f80000,0x00000000f2400000)
  to   space 4608K, 0% used [0x00000000f1b00000,0x00000000f1b00000,0x00000000f1f80000)
 ParOldGen       total 143872K, used 130885K [0x00000000c0000000, 0x00000000c8c80000, 0x00000000eab00000)
  object space 143872K, 90% used [0x00000000c0000000,0x00000000c7fd1670,0x00000000c8c80000)
 Metaspace       used 6687K, capacity 7256K, committed 7424K, reserved 1056768K
  class space    used 638K, capacity 656K, committed 768K, reserved 1048576K
Event: 20.683 GC heap after
Heap after GC invocations=13 (full 3):
 PSYoungGen      total 119296K, used 3790K [0x00000000eab00000, 0x00000000f2400000, 0x0000000100000000)
  eden space 114688K, 3% used [0x00000000eab00000,0x00000000eaeb3848,0x00000000f1b00000)
  from space 4608K, 0% used [0x00000000f1f80000,0x00000000f1f80000,0x00000000f2400000)
  to   space 4608K, 0% used [0x00000000f1b00000,0x00000000f1b00000,0x00000000f1f80000)
 ParOldGen       total 143872K, used 143829K [0x00000000c0000000, 0x00000000c8c80000, 0x00000000eab00000)
  object space 143872K, 99% used [0x00000000c0000000,0x00000000c8c75710,0x00000000c8c80000)
 Metaspace       used 6687K, capacity 7256K, committed 7424K, reserved 1056768K
  class space    used 638K, capacity 656K, committed 768K, reserved 1048576K
}
Event: 22.045 GC heap before
{Heap before GC invocations=14 (full 4):
 PSYoungGen      total 119296K, used 114688K [0x00000000eab00000, 0x00000000f2400000, 0x0000000100000000)
  eden space 114688K, 100% used [0x00000000eab00000,0x00000000f1b00000,0x00000000f1b00000)
  from space 4608K, 0% used [0x00000000f1f80000,0x00000000f1f80000,0x00000000f2400000)
  to   space 4608K, 0% used [0x00000000f1b00000,0x00000000f1b00000,0x00000000f1f80000)
 ParOldGen       total 143872K, used 143829K [0x00000000c0000000, 0x00000000c8c80000, 0x00000000eab00000)
  object space 143872K, 99% used [0x00000000c0000000,0x00000000c8c75710,0x00000000c8c80000)
 Metaspace       used 6691K, capacity 7256K, committed 7424K, reserved 1056768K
  class space    used 638K, capacity 656K, committed 768K, reserved 1048576K
Event: 23.732 GC heap after
Heap after GC invocations=14 (full 4):
 PSYoungGen      total 119296K, used 18794K [0x00000000eab00000, 0x00000000f2400000, 0x0000000100000000)
  eden space 114688K, 16% used [0x00000000eab00000,0x00000000ebd5a840,0x00000000f1b00000)
  from space 4608K, 0% used [0x00000000f1f80000,0x00000000f1f80000,0x00000000f2400000)
  to   space 4608K, 0% used [0x00000000f1b00000,0x00000000f1b00000,0x00000000f1f80000)
 ParOldGen       total 143872K, used 143755K [0x00000000c0000000, 0x00000000c8c80000, 0x00000000eab00000)
  object space 143872K, 99% used [0x00000000c0000000,0x00000000c8c62f70,0x00000000c8c80000)
 Metaspace       used 6691K, capacity 7256K, committed 7424K, reserved 1056768K
  class space    used 638K, capacity 656K, committed 768K, reserved 1048576K
}
Event: 24.510 GC heap before
{Heap before GC invocations=15 (full 5):
 PSYoungGen      total 119296K, used 114688K [0x00000000eab00000, 0x00000000f2400000, 0x0000000100000000)
  eden space 114688K, 100% used [0x00000000eab00000,0x00000000f1b00000,0x00000000f1b00000)
  from space 4608K, 0% used [0x00000000f1f80000,0x00000000f1f80000,0x00000000f2400000)
  to   space 4608K, 0% used [0x00000000f1b00000,0x00000000f1b00000,0x00000000f1f80000)
 ParOldGen       total 143872K, used 143755K [0x00000000c0000000, 0x00000000c8c80000, 0x00000000eab00000)
  object space 143872K, 99% used [0x00000000c0000000,0x00000000c8c62f70,0x00000000c8c80000)
 Metaspace       used 6695K, capacity 7256K, committed 7424K, reserved 1056768K
  class space    used 638K, capacity 656K, committed 768K, reserved 1048576K
Event: 26.189 GC heap after
Heap after GC invocations=15 (full 5):
 PSYoungGen      total 119296K, used 31573K [0x00000000eab00000, 0x00000000f2400000, 0x0000000100000000)
  eden space 114688K, 27% used [0x00000000eab00000,0x00000000ec9d5490,0x00000000f1b00000)
  from space 4608K, 0% used [0x00000000f1f80000,0x00000000f1f80000,0x00000000f2400000)
  to   space 4608K, 0% used [0x00000000f1b00000,0x00000000f1b00000,0x00000000f1f80000)
 ParOldGen       total 143872K, used 143755K [0x00000000c0000000, 0x00000000c8c80000, 0x00000000eab00000)
  object space 143872K, 99% used [0x00000000c0000000,0x00000000c8c62cc0,0x00000000c8c80000)
 Metaspace       used 6695K, capacity 7256K, committed 7424K, reserved 1056768K
  class space    used 638K, capacity 656K, committed 768K, reserved 1048576K
}
Event: 26.950 GC heap before
{Heap before GC invocations=16 (full 6):
 PSYoungGen      total 119296K, used 114688K [0x00000000eab00000, 0x00000000f2400000, 0x0000000100000000)
  eden space 114688K, 100% used [0x00000000eab00000,0x00000000f1b00000,0x00000000f1b00000)
  from space 4608K, 0% used [0x00000000f1f80000,0x00000000f1f80000,0x00000000f2400000)
  to   space 4608K, 0% used [0x00000000f1b00000,0x00000000f1b00000,0x00000000f1f80000)
 ParOldGen       total 143872K, used 143755K [0x00000000c0000000, 0x00000000c8c80000, 0x00000000eab00000)
  object space 143872K, 99% used [0x00000000c0000000,0x00000000c8c62cc0,0x00000000c8c80000)
 Metaspace       used 6696K, capacity 7256K, committed 7424K, reserved 1056768K
  class space    used 638K, capacity 656K, committed 768K, reserved 1048576K
Event: 27.790 GC heap after
Heap after GC invocations=16 (full 6):
 PSYoungGen      total 119296K, used 43179K [0x00000000eab00000, 0x00000000f2400000, 0x0000000100000000)
  eden space 114688K, 37% used [0x00000000eab00000,0x00000000ed52adc0,0x00000000f1b00000)
  from space 4608K, 0% used [0x00000000f1f80000,0x00000000f1f80000,0x00000000f2400000)
  to   space 4608K, 0% used [0x00000000f1b00000,0x00000000f1b00000,0x00000000f1f80000)
 ParOldGen       total 143872K, used 143558K [0x00000000c0000000, 0x00000000c8c80000, 0x00000000eab00000)
  object space 143872K, 99% used [0x00000000c0000000,0x00000000c8c31af0,0x00000000c8c80000)
 Metaspace       used 6696K, capacity 7256K, committed 7424K, reserved 1056768K
  class space    used 638K, capacity 656K, committed 768K, reserved 1048576K
}

