# JRE version: Java(TM) SE Runtime Environment (8.0_181-b13) (build 1.8.0_181-b13)
# Java VM: Java HotSpot(TM) 64-Bit Server VM (25.181-b13 mixed mode windows-amd64 compressed oops)
Heap:
 PSYoungGen      total 15360K, used 12288K [0x00000000daf00000, 0x00000000dc100000, 0x0000000100000000)
  eden space 12288K, 100% used [0x00000000daf00000,0x00000000dbb00000,0x00000000dbb00000)
  from space 3072K, 0% used [0x00000000dbb00000,0x00000000dbb00000,0x00000000dbe00000)
  to   space 3072K, 0% used [0x00000000dbe00000,0x00000000dbe00000,0x00000000dc100000)
 ParOldGen       total 5632K, used 4357K [0x0000000090c00000, 0x0000000091180000, 0x00000000daf00000)
  object space 5632K, 77% used [0x0000000090c00000,0x0000000091041528,0x0000000091180000)
 Metaspace       used 7354K, capacity 8244K, committed 8448K, reserved 1056768K
  class space    used 890K, capacity 944K, committed 1024K, reserved 1048576K
GC Heap History (10 events):
Event: 2.100 GC heap after
Heap after GC invocations=8 (full 0):
 PSYoungGen      total 15360K, used 14767K [0x00000000daf00000, 0x00000000dc100000, 0x0000000100000000)
  eden space 12288K, 100% used [0x00000000daf00000,0x00000000dbb00000,0x00000000dbb00000)
  from space 3072K, 80% used [0x00000000dbb00000,0x00000000dbd6bde0,0x00000000dbe00000)
  to   space 3072K, 99% used [0x00000000dbe00000,0x00000000dc0fbc98,0x00000000dc100000)
 ParOldGen       total 5632K, used 5187K [0x0000000090c00000, 0x0000000091180000, 0x00000000daf00000)
  object space 5632K, 92% used [0x0000000090c00000,0x0000000091110cf8,0x0000000091180000)
 Metaspace       used 7346K, capacity 8244K, committed 8448K, reserved 1056768K
  class space    used 890K, capacity 944K, committed 1024K, reserved 1048576K
}
Event: 2.100 GC heap before
{Heap before GC invocations=9 (full 1):
 PSYoungGen      total 15360K, used 14767K [0x00000000daf00000, 0x00000000dc100000, 0x0000000100000000)
  eden space 12288K, 100% used [0x00000000daf00000,0x00000000dbb00000,0x00000000dbb00000)
  from space 3072K, 80% used [0x00000000dbb00000,0x00000000dbd6bde0,0x00000000dbe00000)
  to   space 3072K, 99% used [0x00000000dbe00000,0x00000000dc0fbc98,0x00000000dc100000)
 ParOldGen       total 5632K, used 5187K [0x0000000090c00000, 0x0000000091180000, 0x00000000daf00000)
  object space 5632K, 92% used [0x0000000090c00000,0x0000000091110cf8,0x0000000091180000)
 Metaspace       used 7346K, capacity 8244K, committed 8448K, reserved 1056768K
  class space    used 890K, capacity 944K, committed 1024K, reserved 1048576K
Event: 2.150 GC heap after
Heap after GC invocations=9 (full 1):
 PSYoungGen      total 15360K, used 4755K [0x00000000daf00000, 0x00000000dc100000, 0x0000000100000000)
  eden space 12288K, 38% used [0x00000000daf00000,0x00000000db3a4f20,0x00000000dbb00000)
  from space 3072K, 0% used [0x00000000dbb00000,0x00000000dbb00000,0x00000000dbe00000)
  to   space 3072K, 0% used [0x00000000dbe00000,0x00000000dbe00000,0x00000000dc100000)
 ParOldGen       total 5632K, used 4420K [0x0000000090c00000, 0x0000000091180000, 0x00000000daf00000)
  object space 5632K, 78% used [0x0000000090c00000,0x0000000091051238,0x0000000091180000)
 Metaspace       used 7346K, capacity 8244K, committed 8448K, reserved 1056768K
  class space    used 890K, capacity 944K, committed 1024K, reserved 1048576K
}
Event: 2.266 GC heap before
{Heap before GC invocations=10 (full 2):
 PSYoungGen      total 15360K, used 12013K [0x00000000daf00000, 0x00000000dc100000, 0x0000000100000000)
  eden space 12288K, 97% used [0x00000000daf00000,0x00000000dbabb7e0,0x00000000dbb00000)
  from space 3072K, 0% used [0x00000000dbb00000,0x00000000dbb00000,0x00000000dbe00000)
  to   space 3072K, 0% used [0x00000000dbe00000,0x00000000dbe00000,0x00000000dc100000)
 ParOldGen       total 5632K, used 4420K [0x0000000090c00000, 0x0000000091180000, 0x00000000daf00000)
  object space 5632K, 78% used [0x0000000090c00000,0x0000000091051238,0x0000000091180000)
 Metaspace       used 7353K, capacity 8244K, committed 8448K, reserved 1056768K
  class space    used 890K, capacity 944K, committed 1024K, reserved 1048576K
Event: 2.304 GC heap after
Heap after GC invocations=10 (full 2):
 PSYoungGen      total 15360K, used 5159K [0x00000000daf00000, 0x00000000dc100000, 0x0000000100000000)
  eden space 12288K, 41% used [0x00000000daf00000,0x00000000db409e48,0x00000000dbb00000)
  from space 3072K, 0% used [0x00000000dbb00000,0x00000000dbb00000,0x00000000dbe00000)
  to   space 3072K, 0% used [0x00000000dbe00000,0x00000000dbe00000,0x00000000dc100000)
 ParOldGen       total 5632K, used 4357K [0x0000000090c00000, 0x0000000091180000, 0x00000000daf00000)
  object space 5632K, 77% used [0x0000000090c00000,0x0000000091041528,0x0000000091180000)
 Metaspace       used 7353K, capacity 8244K, committed 8448K, reserved 1056768K
  class space    used 890K, capacity 944K, committed 1024K, reserved 1048576K
}
Event: 2.345 GC heap before
{Heap before GC invocations=11 (full 3):
 PSYoungGen      total 15360K, used 11759K [0x00000000daf00000, 0x00000000dc100000, 0x0000000100000000)
  eden space 12288K, 95% used [0x00000000daf00000,0x00000000dba7bfe0,0x00000000dbb00000)
  from space 3072K, 0% used [0x00000000dbb00000,0x00000000dbb00000,0x00000000dbe00000)
  to   space 3072K, 0% used [0x00000000dbe00000,0x00000000dbe00000,0x00000000dc100000)
 ParOldGen       total 5632K, used 4357K [0x0000000090c00000, 0x0000000091180000, 0x00000000daf00000)
  object space 5632K, 77% used [0x0000000090c00000,0x0000000091041528,0x0000000091180000)
 Metaspace       used 7354K, capacity 8244K, committed 8448K, reserved 1056768K
  class space    used 890K, capacity 944K, committed 1024K, reserved 1048576K
Event: 2.367 GC heap after
Heap after GC invocations=11 (full 3):
 PSYoungGen      total 15360K, used 8228K [0x00000000daf00000, 0x00000000dc100000, 0x0000000100000000)
  eden space 12288K, 66% used [0x00000000daf00000,0x00000000db709200,0x00000000dbb00000)
  from space 3072K, 0% used [0x00000000dbb00000,0x00000000dbb00000,0x00000000dbe00000)
  to   space 3072K, 0% used [0x00000000dbe00000,0x00000000dbe00000,0x00000000dc100000)
 ParOldGen       total 5632K, used 4357K [0x0000000090c00000, 0x0000000091180000, 0x00000000daf00000)
  object space 5632K, 77% used [0x0000000090c00000,0x0000000091041528,0x0000000091180000)
 Metaspace       used 7354K, capacity 8244K, committed 8448K, reserved 1056768K
  class space    used 890K, capacity 944K, committed 1024K, reserved 1048576K
}
Event: 2.381 GC heap before
{Heap before GC invocations=12 (full 4):
 PSYoungGen      total 15360K, used 11730K [0x00000000daf00000, 0x00000000dc100000, 0x0000000100000000)
  eden space 12288K, 95% used [0x00000000daf00000,0x00000000dba748d0,0x00000000dbb00000)
  from space 3072K, 0% used [0x00000000dbb00000,0x00000000dbb00000,0x00000000dbe00000)
  to   space 3072K, 0% used [0x00000000dbe00000,0x00000000dbe00000,0x00000000dc100000)
 ParOldGen       total 5632K, used 4357K [0x0000000090c00000, 0x0000000091180000, 0x00000000daf00000)
  object space 5632K, 77% used [0x0000000090c00000,0x0000000091041528,0x0000000091180000)
 Metaspace       used 7354K, capacity 8244K, committed 8448K, reserved 1056768K
  class space    used 890K, capacity 944K, committed 1024K, reserved 1048576K
Event: 2.426 GC heap after
Heap after GC invocations=12 (full 4):
 PSYoungGen      total 15360K, used 6984K [0x00000000daf00000, 0x00000000dc100000, 0x0000000100000000)
  eden space 12288K, 56% used [0x00000000daf00000,0x00000000db5d21c0,0x00000000dbb00000)
  from space 3072K, 0% used [0x00000000dbb00000,0x00000000dbb00000,0x00000000dbe00000)
  to   space 3072K, 0% used [0x00000000dbe00000,0x00000000dbe00000,0x00000000dc100000)
 ParOldGen       total 5632K, used 4357K [0x0000000090c00000, 0x0000000091180000, 0x00000000daf00000)
  object space 5632K, 77% used [0x0000000090c00000,0x0000000091041528,0x0000000091180000)
 Metaspace       used 7354K, capacity 8244K, committed 8448K, reserved 1056768K
  class space    used 890K, capacity 944K, committed 1024K, reserved 1048576K
}
Event: 2.454 GC heap before
{Heap before GC invocations=13 (full 5):
 PSYoungGen      total 15360K, used 12288K [0x00000000daf00000, 0x00000000dc100000, 0x0000000100000000)
  eden space 12288K, 100% used [0x00000000daf00000,0x00000000dbb00000,0x00000000dbb00000)
  from space 3072K, 0% used [0x00000000dbb00000,0x00000000dbb00000,0x00000000dbe00000)
  to   space 3072K, 0% used [0x00000000dbe00000,0x00000000dbe00000,0x00000000dc100000)
 ParOldGen       total 5632K, used 4357K [0x0000000090c00000, 0x0000000091180000, 0x00000000daf00000)
  object space 5632K, 77% used [0x0000000090c00000,0x0000000091041528,0x0000000091180000)
 Metaspace       used 7354K, capacity 8244K, committed 8448K, reserved 1056768K
  class space    used 890K, capacity 944K, committed 1024K, reserved 1048576K

