# JRE version: Java(TM) SE Runtime Environment (8.0_181-b13) (build 1.8.0_181-b13)
# Java VM: Java HotSpot(TM) 64-Bit Server VM (25.181-b13 mixed mode windows-amd64 compressed oops)
Heap:
 PSYoungGen      total 34816K, used 6642K [0x00000000daf00000, 0x00000000dee80000, 0x0000000100000000)
  eden space 28672K, 17% used [0x00000000daf00000,0x00000000db404880,0x00000000dcb00000)
  from space 6144K, 24% used [0x00000000dd780000,0x00000000dd8f8000,0x00000000ddd80000)
  to   space 12800K, 0% used [0x00000000dcb00000,0x00000000dcb00000,0x00000000dd780000)
 ParOldGen       total 47616K, used 37704K [0x0000000090c00000, 0x0000000093a80000, 0x00000000daf00000)
  object space 47616K, 79% used [0x0000000090c00000,0x00000000930d2048,0x0000000093a80000)
 Metaspace       used 9713K, capacity 10176K, committed 10368K, reserved 1058816K
  class space    used 1039K, capacity 1076K, committed 1152K, reserved 1048576K
GC Heap History (10 events):
Event: 5.621 GC heap before
{Heap before GC invocations=17 (full 3):
 PSYoungGen      total 32768K, used 32311K [0x00000000daf00000, 0x00000000ddd80000, 0x0000000100000000)
  eden space 27136K, 100% used [0x00000000daf00000,0x00000000dc980000,0x00000000dc980000)
  from space 5632K, 91% used [0x00000000dc980000,0x00000000dce8ddc0,0x00000000dcf00000)
  to   space 6144K, 0% used [0x00000000dd780000,0x00000000dd780000,0x00000000ddd80000)
 ParOldGen       total 23040K, used 17321K [0x0000000090c00000, 0x0000000092280000, 0x00000000daf00000)
  object space 23040K, 75% used [0x0000000090c00000,0x0000000091cea6e8,0x0000000092280000)
 Metaspace       used 7775K, capacity 8564K, committed 8704K, reserved 1056768K
  class space    used 904K, capacity 944K, committed 1024K, reserved 1048576K
Event: 5.649 GC heap after
Heap after GC invocations=17 (full 3):
 PSYoungGen      total 38400K, used 6133K [0x00000000daf00000, 0x00000000de400000, 0x0000000100000000)
  eden space 32256K, 0% used [0x00000000daf00000,0x00000000daf00000,0x00000000dce80000)
  from space 6144K, 99% used [0x00000000dd780000,0x00000000ddd7d608,0x00000000ddd80000)
  to   space 9216K, 0% used [0x00000000dce80000,0x00000000dce80000,0x00000000dd780000)
 ParOldGen       total 23552K, used 23093K [0x0000000090c00000, 0x0000000092300000, 0x00000000daf00000)
  object space 23552K, 98% used [0x0000000090c00000,0x000000009228d480,0x0000000092300000)
 Metaspace       used 7775K, capacity 8564K, committed 8704K, reserved 1056768K
  class space    used 904K, capacity 944K, committed 1024K, reserved 1048576K
}
Event: 5.649 GC heap before
{Heap before GC invocations=18 (full 4):
 PSYoungGen      total 38400K, used 6133K [0x00000000daf00000, 0x00000000de400000, 0x0000000100000000)
  eden space 32256K, 0% used [0x00000000daf00000,0x00000000daf00000,0x00000000dce80000)
  from space 6144K, 99% used [0x00000000dd780000,0x00000000ddd7d608,0x00000000ddd80000)
  to   space 9216K, 0% used [0x00000000dce80000,0x00000000dce80000,0x00000000dd780000)
 ParOldGen       total 23552K, used 23093K [0x0000000090c00000, 0x0000000092300000, 0x00000000daf00000)
  object space 23552K, 98% used [0x0000000090c00000,0x000000009228d480,0x0000000092300000)
 Metaspace       used 7775K, capacity 8564K, committed 8704K, reserved 1056768K
  class space    used 904K, capacity 944K, committed 1024K, reserved 1048576K
Event: 5.839 GC heap after
Heap after GC invocations=18 (full 4):
 PSYoungGen      total 38400K, used 5090K [0x00000000daf00000, 0x00000000de400000, 0x0000000100000000)
  eden space 32256K, 0% used [0x00000000daf00000,0x00000000daf00000,0x00000000dce80000)
  from space 6144K, 82% used [0x00000000dd780000,0x00000000ddc78a90,0x00000000ddd80000)
  to   space 9216K, 0% used [0x00000000dce80000,0x00000000dce80000,0x00000000dd780000)
 ParOldGen       total 34304K, used 23245K [0x0000000090c00000, 0x0000000092d80000, 0x00000000daf00000)
  object space 34304K, 67% used [0x0000000090c00000,0x00000000922b3740,0x0000000092d80000)
 Metaspace       used 7775K, capacity 8564K, committed 8704K, reserved 1056768K
  class space    used 904K, capacity 944K, committed 1024K, reserved 1048576K
}
Event: 7.175 GC heap before
{Heap before GC invocations=19 (full 4):
 PSYoungGen      total 38400K, used 37346K [0x00000000daf00000, 0x00000000de400000, 0x0000000100000000)
  eden space 32256K, 100% used [0x00000000daf00000,0x00000000dce80000,0x00000000dce80000)
  from space 6144K, 82% used [0x00000000dd780000,0x00000000ddc78a90,0x00000000ddd80000)
  to   space 9216K, 0% used [0x00000000dce80000,0x00000000dce80000,0x00000000dd780000)
 ParOldGen       total 34304K, used 23245K [0x0000000090c00000, 0x0000000092d80000, 0x00000000daf00000)
  object space 34304K, 67% used [0x0000000090c00000,0x00000000922b3740,0x0000000092d80000)
 Metaspace       used 8262K, capacity 8948K, committed 9216K, reserved 1056768K
  class space    used 924K, capacity 944K, committed 1024K, reserved 1048576K
Event: 7.213 GC heap after
Heap after GC invocations=19 (full 4):
 PSYoungGen      total 41472K, used 9202K [0x00000000daf00000, 0x00000000de400000, 0x0000000100000000)
  eden space 32256K, 0% used [0x00000000daf00000,0x00000000daf00000,0x00000000dce80000)
  from space 9216K, 99% used [0x00000000dce80000,0x00000000dd77cb00,0x00000000dd780000)
  to   space 6144K, 0% used [0x00000000dd780000,0x00000000dd780000,0x00000000ddd80000)
 ParOldGen       total 34304K, used 28973K [0x0000000090c00000, 0x0000000092d80000, 0x00000000daf00000)
  object space 34304K, 84% used [0x0000000090c00000,0x000000009284b408,0x0000000092d80000)
 Metaspace       used 8262K, capacity 8948K, committed 9216K, reserved 1056768K
  class space    used 924K, capacity 944K, committed 1024K, reserved 1048576K
}
Event: 7.213 GC heap before
{Heap before GC invocations=20 (full 5):
 PSYoungGen      total 41472K, used 9202K [0x00000000daf00000, 0x00000000de400000, 0x0000000100000000)
  eden space 32256K, 0% used [0x00000000daf00000,0x00000000daf00000,0x00000000dce80000)
  from space 9216K, 99% used [0x00000000dce80000,0x00000000dd77cb00,0x00000000dd780000)
  to   space 6144K, 0% used [0x00000000dd780000,0x00000000dd780000,0x00000000ddd80000)
 ParOldGen       total 34304K, used 28973K [0x0000000090c00000, 0x0000000092d80000, 0x00000000daf00000)
  object space 34304K, 84% used [0x0000000090c00000,0x000000009284b408,0x0000000092d80000)
 Metaspace       used 8262K, capacity 8948K, committed 9216K, reserved 1056768K
  class space    used 924K, capacity 944K, committed 1024K, reserved 1048576K
Event: 7.497 GC heap after
Heap after GC invocations=20 (full 5):
 PSYoungGen      total 41472K, used 3532K [0x00000000daf00000, 0x00000000de400000, 0x0000000100000000)
  eden space 32256K, 0% used [0x00000000daf00000,0x00000000daf00000,0x00000000dce80000)
  from space 9216K, 38% used [0x00000000dce80000,0x00000000dd1f31f0,0x00000000dd780000)
  to   space 6144K, 0% used [0x00000000dd780000,0x00000000dd780000,0x00000000ddd80000)
 ParOldGen       total 47616K, used 34150K [0x0000000090c00000, 0x0000000093a80000, 0x00000000daf00000)
  object space 47616K, 71% used [0x0000000090c00000,0x0000000092d59a78,0x0000000093a80000)
 Metaspace       used 8262K, capacity 8948K, committed 9216K, reserved 1056768K
  class space    used 924K, capacity 944K, committed 1024K, reserved 1048576K
}
Event: 10.830 GC heap before
{Heap before GC invocations=21 (full 5):
 PSYoungGen      total 41472K, used 35788K [0x00000000daf00000, 0x00000000de400000, 0x0000000100000000)
  eden space 32256K, 100% used [0x00000000daf00000,0x00000000dce80000,0x00000000dce80000)
  from space 9216K, 38% used [0x00000000dce80000,0x00000000dd1f31f0,0x00000000dd780000)
  to   space 6144K, 0% used [0x00000000dd780000,0x00000000dd780000,0x00000000ddd80000)
 ParOldGen       total 47616K, used 34150K [0x0000000090c00000, 0x0000000093a80000, 0x00000000daf00000)
  object space 47616K, 71% used [0x0000000090c00000,0x0000000092d59a78,0x0000000093a80000)
 Metaspace       used 9625K, capacity 10048K, committed 10368K, reserved 1058816K
  class space    used 1038K, capacity 1076K, committed 1152K, reserved 1048576K
Event: 10.850 GC heap after
Heap after GC invocations=21 (full 5):
 PSYoungGen      total 34816K, used 1504K [0x00000000daf00000, 0x00000000dee80000, 0x0000000100000000)
  eden space 28672K, 0% used [0x00000000daf00000,0x00000000daf00000,0x00000000dcb00000)
  from space 6144K, 24% used [0x00000000dd780000,0x00000000dd8f8000,0x00000000ddd80000)
  to   space 12800K, 0% used [0x00000000dcb00000,0x00000000dcb00000,0x00000000dd780000)
 ParOldGen       total 47616K, used 37704K [0x0000000090c00000, 0x0000000093a80000, 0x00000000daf00000)
  object space 47616K, 79% used [0x0000000090c00000,0x00000000930d2048,0x0000000093a80000)
 Metaspace       used 9625K, capacity 10048K, committed 10368K, reserved 1058816K
  class space    used 1038K, capacity 1076K, committed 1152K, reserved 1048576K
}

