# JRE version: Java(TM) SE Runtime Environment (8.0_181-b13) (build 1.8.0_181-b13)
# Java VM: Java HotSpot(TM) 64-Bit Server VM (25.181-b13 mixed mode windows-amd64 compressed oops)
Heap:
 PSYoungGen      total 61952K, used 13396K [0x00000000eab00000, 0x00000000f1580000, 0x0000000100000000)
  eden space 57344K, 15% used [0x00000000eab00000,0x00000000eb395228,0x00000000ee300000)
  from space 4608K, 100% used [0x00000000ee300000,0x00000000ee780000,0x00000000ee780000)
  to   space 20480K, 0% used [0x00000000f0180000,0x00000000f0180000,0x00000000f1580000)
 ParOldGen       total 131584K, used 72263K [0x00000000c0000000, 0x00000000c8080000, 0x00000000eab00000)
  object space 131584K, 54% used [0x00000000c0000000,0x00000000c4691e58,0x00000000c8080000)
 Metaspace       used 6679K, capacity 7256K, committed 7424K, reserved 1056768K
  class space    used 638K, capacity 656K, committed 768K, reserved 1048576K
GC Heap History (10 events):
Event: 4.911 GC heap before
{Heap before GC invocations=6 (full 0):
 PSYoungGen      total 61952K, used 61930K [0x00000000eab00000, 0x00000000eec00000, 0x0000000100000000)
  eden space 57344K, 100% used [0x00000000eab00000,0x00000000ee300000,0x00000000ee300000)
  from space 4608K, 99% used [0x00000000ee300000,0x00000000ee77abe8,0x00000000ee780000)
  to   space 4608K, 0% used [0x00000000ee780000,0x00000000ee780000,0x00000000eec00000)
 ParOldGen       total 76800K, used 40783K [0x00000000c0000000, 0x00000000c4b00000, 0x00000000eab00000)
  object space 76800K, 53% used [0x00000000c0000000,0x00000000c27d3ff8,0x00000000c4b00000)
 Metaspace       used 6478K, capacity 7128K, committed 7424K, reserved 1056768K
  class space    used 621K, capacity 656K, committed 768K, reserved 1048576K
Event: 4.974 GC heap after
Heap after GC invocations=6 (full 0):
 PSYoungGen      total 61952K, used 4591K [0x00000000eab00000, 0x00000000eec00000, 0x0000000100000000)
  eden space 57344K, 0% used [0x00000000eab00000,0x00000000eab00000,0x00000000ee300000)
  from space 4608K, 99% used [0x00000000ee780000,0x00000000eebfbe60,0x00000000eec00000)
  to   space 4608K, 0% used [0x00000000ee300000,0x00000000ee300000,0x00000000ee780000)
 ParOldGen       total 76800K, used 50465K [0x00000000c0000000, 0x00000000c4b00000, 0x00000000eab00000)
  object space 76800K, 65% used [0x00000000c0000000,0x00000000c3148678,0x00000000c4b00000)
 Metaspace       used 6478K, capacity 7128K, committed 7424K, reserved 1056768K
  class space    used 621K, capacity 656K, committed 768K, reserved 1048576K
}
Event: 6.141 GC heap before
{Heap before GC invocations=7 (full 0):
 PSYoungGen      total 61952K, used 61935K [0x00000000eab00000, 0x00000000eec00000, 0x0000000100000000)
  eden space 57344K, 100% used [0x00000000eab00000,0x00000000ee300000,0x00000000ee300000)
  from space 4608K, 99% used [0x00000000ee780000,0x00000000eebfbe60,0x00000000eec00000)
  to   space 4608K, 0% used [0x00000000ee300000,0x00000000ee300000,0x00000000ee780000)
 ParOldGen       total 76800K, used 50465K [0x00000000c0000000, 0x00000000c4b00000, 0x00000000eab00000)
  object space 76800K, 65% used [0x00000000c0000000,0x00000000c3148678,0x00000000c4b00000)
 Metaspace       used 6631K, capacity 7256K, committed 7424K, reserved 1056768K
  class space    used 638K, capacity 656K, committed 768K, reserved 1048576K
Event: 6.209 GC heap after
Heap after GC invocations=7 (full 0):
 PSYoungGen      total 61952K, used 4591K [0x00000000eab00000, 0x00000000eec00000, 0x0000000100000000)
  eden space 57344K, 0% used [0x00000000eab00000,0x00000000eab00000,0x00000000ee300000)
  from space 4608K, 99% used [0x00000000ee300000,0x00000000ee77be60,0x00000000ee780000)
  to   space 4608K, 0% used [0x00000000ee780000,0x00000000ee780000,0x00000000eec00000)
 ParOldGen       total 76800K, used 59515K [0x00000000c0000000, 0x00000000c4b00000, 0x00000000eab00000)
  object space 76800K, 77% used [0x00000000c0000000,0x00000000c3a1ec80,0x00000000c4b00000)
 Metaspace       used 6631K, capacity 7256K, committed 7424K, reserved 1056768K
  class space    used 638K, capacity 656K, committed 768K, reserved 1048576K
}
Event: 7.086 GC heap before
{Heap before GC invocations=8 (full 0):
 PSYoungGen      total 61952K, used 61935K [0x00000000eab00000, 0x00000000eec00000, 0x0000000100000000)
  eden space 57344K, 100% used [0x00000000eab00000,0x00000000ee300000,0x00000000ee300000)
  from space 4608K, 99% used [0x00000000ee300000,0x00000000ee77be60,0x00000000ee780000)
  to   space 4608K, 0% used [0x00000000ee780000,0x00000000ee780000,0x00000000eec00000)
 ParOldGen       total 76800K, used 59515K [0x00000000c0000000, 0x00000000c4b00000, 0x00000000eab00000)
  object space 76800K, 77% used [0x00000000c0000000,0x00000000c3a1ec80,0x00000000c4b00000)
 Metaspace       used 6659K, capacity 7256K, committed 7424K, reserved 1056768K
  class space    used 638K, capacity 656K, committed 768K, reserved 1048576K
Event: 7.160 GC heap after
Heap after GC invocations=8 (full 0):
 PSYoungGen      total 61952K, used 4582K [0x00000000eab00000, 0x00000000eec00000, 0x0000000100000000)
  eden space 57344K, 0% used [0x00000000eab00000,0x00000000eab00000,0x00000000ee300000)
  from space 4608K, 99% used [0x00000000ee780000,0x00000000eebf9848,0x00000000eec00000)
  to   space 4608K, 0% used [0x00000000ee300000,0x00000000ee300000,0x00000000ee780000)
 ParOldGen       total 76800K, used 67878K [0x00000000c0000000, 0x00000000c4b00000, 0x00000000eab00000)
  object space 76800K, 88% used [0x00000000c0000000,0x00000000c4249980,0x00000000c4b00000)
 Metaspace       used 6659K, capacity 7256K, committed 7424K, reserved 1056768K
  class space    used 638K, capacity 656K, committed 768K, reserved 1048576K
}
Event: 7.161 GC heap before
{Heap before GC invocations=9 (full 1):
 PSYoungGen      total 61952K, used 4582K [0x00000000eab00000, 0x00000000eec00000, 0x0000000100000000)
  eden space 57344K, 0% used [0x00000000eab00000,0x00000000eab00000,0x00000000ee300000)
  from space 4608K, 99% used [0x00000000ee780000,0x00000000eebf9848,0x00000000eec00000)
  to   space 4608K, 0% used [0x00000000ee300000,0x00000000ee300000,0x00000000ee780000)
 ParOldGen       total 76800K, used 67878K [0x00000000c0000000, 0x00000000c4b00000, 0x00000000eab00000)
  object space 76800K, 88% used [0x00000000c0000000,0x00000000c4249980,0x00000000c4b00000)
 Metaspace       used 6659K, capacity 7256K, committed 7424K, reserved 1056768K
  class space    used 638K, capacity 656K, committed 768K, reserved 1048576K
Event: 8.252 GC heap after
Heap after GC invocations=9 (full 1):
 PSYoungGen      total 61952K, used 0K [0x00000000eab00000, 0x00000000eec00000, 0x0000000100000000)
  eden space 57344K, 0% used [0x00000000eab00000,0x00000000eab00000,0x00000000ee300000)
  from space 4608K, 0% used [0x00000000ee780000,0x00000000ee780000,0x00000000eec00000)
  to   space 4608K, 0% used [0x00000000ee300000,0x00000000ee300000,0x00000000ee780000)
 ParOldGen       total 131584K, used 68478K [0x00000000c0000000, 0x00000000c8080000, 0x00000000eab00000)
  object space 131584K, 52% used [0x00000000c0000000,0x00000000c42dfbe0,0x00000000c8080000)
 Metaspace       used 6659K, capacity 7256K, committed 7424K, reserved 1056768K
  class space    used 638K, capacity 656K, committed 768K, reserved 1048576K
}
Event: 9.639 GC heap before
{Heap before GC invocations=10 (full 1):
 PSYoungGen      total 61952K, used 57344K [0x00000000eab00000, 0x00000000eec00000, 0x0000000100000000)
  eden space 57344K, 100% used [0x00000000eab00000,0x00000000ee300000,0x00000000ee300000)
  from space 4608K, 0% used [0x00000000ee780000,0x00000000ee780000,0x00000000eec00000)
  to   space 4608K, 0% used [0x00000000ee300000,0x00000000ee300000,0x00000000ee780000)
 ParOldGen       total 131584K, used 68478K [0x00000000c0000000, 0x00000000c8080000, 0x00000000eab00000)
  object space 131584K, 52% used [0x00000000c0000000,0x00000000c42dfbe0,0x00000000c8080000)
 Metaspace       used 6678K, capacity 7256K, committed 7424K, reserved 1056768K
  class space    used 638K, capacity 656K, committed 768K, reserved 1048576K
Event: 9.665 GC heap after
Heap after GC invocations=10 (full 1):
 PSYoungGen      total 61952K, used 4608K [0x00000000eab00000, 0x00000000f1580000, 0x0000000100000000)
  eden space 57344K, 0% used [0x00000000eab00000,0x00000000eab00000,0x00000000ee300000)
  from space 4608K, 100% used [0x00000000ee300000,0x00000000ee780000,0x00000000ee780000)
  to   space 20480K, 0% used [0x00000000f0180000,0x00000000f0180000,0x00000000f1580000)
 ParOldGen       total 131584K, used 72263K [0x00000000c0000000, 0x00000000c8080000, 0x00000000eab00000)
  object space 131584K, 54% used [0x00000000c0000000,0x00000000c4691e58,0x00000000c8080000)
 Metaspace       used 6678K, capacity 7256K, committed 7424K, reserved 1056768K
  class space    used 638K, capacity 656K, committed 768K, reserved 1048576K
}

