# JRE version: Java(TM) SE Runtime Environment (8.0_181-b13) (build 1.8.0_181-b13)
# Java VM: Java HotSpot(TM) 64-Bit Server VM (25.181-b13 mixed mode windows-amd64 compressed oops)
Heap:
 PSYoungGen      total 36864K, used 9985K [0x00000000daf00000, 0x00000000de600000, 0x0000000100000000)
  eden space 29184K, 8% used [0x00000000daf00000,0x00000000db147ef8,0x00000000dcb80000)
  from space 7680K, 99% used [0x00000000dcb80000,0x00000000dd2f8650,0x00000000dd300000)
  to   space 10240K, 0% used [0x00000000ddc00000,0x00000000ddc00000,0x00000000de600000)
 ParOldGen       total 18944K, used 14523K [0x0000000090c00000, 0x0000000091e80000, 0x00000000daf00000)
  object space 18944K, 76% used [0x0000000090c00000,0x0000000091a2edd0,0x0000000091e80000)
 Metaspace       used 7454K, capacity 8308K, committed 8448K, reserved 1056768K
  class space    used 890K, capacity 944K, committed 1024K, reserved 1048576K
GC Heap History (10 events):
Event: 1.285 GC heap before
{Heap before GC invocations=9 (full 1):
 PSYoungGen      total 26112K, used 3564K [0x00000000daf00000, 0x00000000dd200000, 0x0000000100000000)
  eden space 22528K, 0% used [0x00000000daf00000,0x00000000daf00000,0x00000000dc500000)
  from space 3584K, 99% used [0x00000000dca80000,0x00000000dcdfb240,0x00000000dce00000)
  to   space 5632K, 0% used [0x00000000dc500000,0x00000000dc500000,0x00000000dca80000)
 ParOldGen       total 6656K, used 6364K [0x0000000090c00000, 0x0000000091280000, 0x00000000daf00000)
  object space 6656K, 95% used [0x0000000090c00000,0x00000000912370f0,0x0000000091280000)
 Metaspace       used 7353K, capacity 8244K, committed 8448K, reserved 1056768K
  class space    used 890K, capacity 944K, committed 1024K, reserved 1048576K
Event: 1.347 GC heap after
Heap after GC invocations=9 (full 1):
 PSYoungGen      total 26112K, used 3563K [0x00000000daf00000, 0x00000000dd200000, 0x0000000100000000)
  eden space 22528K, 0% used [0x00000000daf00000,0x00000000daf00000,0x00000000dc500000)
  from space 3584K, 99% used [0x00000000dca80000,0x00000000dcdfaf68,0x00000000dce00000)
  to   space 5632K, 0% used [0x00000000dc500000,0x00000000dc500000,0x00000000dca80000)
 ParOldGen       total 11264K, used 5565K [0x0000000090c00000, 0x0000000091700000, 0x00000000daf00000)
  object space 11264K, 49% used [0x0000000090c00000,0x000000009116f7a0,0x0000000091700000)
 Metaspace       used 7353K, capacity 8244K, committed 8448K, reserved 1056768K
  class space    used 890K, capacity 944K, committed 1024K, reserved 1048576K
}
Event: 1.494 GC heap before
{Heap before GC invocations=10 (full 1):
 PSYoungGen      total 26112K, used 26091K [0x00000000daf00000, 0x00000000dd200000, 0x0000000100000000)
  eden space 22528K, 100% used [0x00000000daf00000,0x00000000dc500000,0x00000000dc500000)
  from space 3584K, 99% used [0x00000000dca80000,0x00000000dcdfaf68,0x00000000dce00000)
  to   space 5632K, 0% used [0x00000000dc500000,0x00000000dc500000,0x00000000dca80000)
 ParOldGen       total 11264K, used 5565K [0x0000000090c00000, 0x0000000091700000, 0x00000000daf00000)
  object space 11264K, 49% used [0x0000000090c00000,0x000000009116f7a0,0x0000000091700000)
 Metaspace       used 7354K, capacity 8244K, committed 8448K, reserved 1056768K
  class space    used 890K, capacity 944K, committed 1024K, reserved 1048576K
Event: 1.504 GC heap after
Heap after GC invocations=10 (full 1):
 PSYoungGen      total 28160K, used 5590K [0x00000000daf00000, 0x00000000dda80000, 0x0000000100000000)
  eden space 22528K, 0% used [0x00000000daf00000,0x00000000daf00000,0x00000000dc500000)
  from space 5632K, 99% used [0x00000000dc500000,0x00000000dca75a38,0x00000000dca80000)
  to   space 6656K, 0% used [0x00000000dd400000,0x00000000dd400000,0x00000000dda80000)
 ParOldGen       total 11264K, used 8284K [0x0000000090c00000, 0x0000000091700000, 0x00000000daf00000)
  object space 11264K, 73% used [0x0000000090c00000,0x0000000091417300,0x0000000091700000)
 Metaspace       used 7354K, capacity 8244K, committed 8448K, reserved 1056768K
  class space    used 890K, capacity 944K, committed 1024K, reserved 1048576K
}
Event: 1.504 GC heap before
{Heap before GC invocations=11 (full 2):
 PSYoungGen      total 28160K, used 5590K [0x00000000daf00000, 0x00000000dda80000, 0x0000000100000000)
  eden space 22528K, 0% used [0x00000000daf00000,0x00000000daf00000,0x00000000dc500000)
  from space 5632K, 99% used [0x00000000dc500000,0x00000000dca75a38,0x00000000dca80000)
  to   space 6656K, 0% used [0x00000000dd400000,0x00000000dd400000,0x00000000dda80000)
 ParOldGen       total 11264K, used 8284K [0x0000000090c00000, 0x0000000091700000, 0x00000000daf00000)
  object space 11264K, 73% used [0x0000000090c00000,0x0000000091417300,0x0000000091700000)
 Metaspace       used 7354K, capacity 8244K, committed 8448K, reserved 1056768K
  class space    used 890K, capacity 944K, committed 1024K, reserved 1048576K
Event: 1.536 GC heap after
Heap after GC invocations=11 (full 2):
 PSYoungGen      total 28160K, used 1939K [0x00000000daf00000, 0x00000000dda80000, 0x0000000100000000)
  eden space 22528K, 0% used [0x00000000daf00000,0x00000000daf00000,0x00000000dc500000)
  from space 5632K, 34% used [0x00000000dc500000,0x00000000dc6e4e10,0x00000000dca80000)
  to   space 6656K, 0% used [0x00000000dd400000,0x00000000dd400000,0x00000000dda80000)
 ParOldGen       total 18944K, used 11169K [0x0000000090c00000, 0x0000000091e80000, 0x00000000daf00000)
  object space 18944K, 58% used [0x0000000090c00000,0x00000000916e8740,0x0000000091e80000)
 Metaspace       used 7354K, capacity 8244K, committed 8448K, reserved 1056768K
  class space    used 890K, capacity 944K, committed 1024K, reserved 1048576K
}
Event: 1.634 GC heap before
{Heap before GC invocations=12 (full 2):
 PSYoungGen      total 28160K, used 22913K [0x00000000daf00000, 0x00000000dda80000, 0x0000000100000000)
  eden space 22528K, 93% used [0x00000000daf00000,0x00000000dc37b7d0,0x00000000dc500000)
  from space 5632K, 34% used [0x00000000dc500000,0x00000000dc6e4e10,0x00000000dca80000)
  to   space 6656K, 0% used [0x00000000dd400000,0x00000000dd400000,0x00000000dda80000)
 ParOldGen       total 18944K, used 11169K [0x0000000090c00000, 0x0000000091e80000, 0x00000000daf00000)
  object space 18944K, 58% used [0x0000000090c00000,0x00000000916e8740,0x0000000091e80000)
 Metaspace       used 7357K, capacity 8244K, committed 8448K, reserved 1056768K
  class space    used 890K, capacity 944K, committed 1024K, reserved 1048576K
Event: 1.646 GC heap after
Heap after GC invocations=12 (full 2):
 PSYoungGen      total 35328K, used 6533K [0x00000000daf00000, 0x00000000dda80000, 0x0000000100000000)
  eden space 28672K, 0% used [0x00000000daf00000,0x00000000daf00000,0x00000000dcb00000)
  from space 6656K, 98% used [0x00000000dd400000,0x00000000dda61790,0x00000000dda80000)
  to   space 7680K, 0% used [0x00000000dcb80000,0x00000000dcb80000,0x00000000dd300000)
 ParOldGen       total 18944K, used 11631K [0x0000000090c00000, 0x0000000091e80000, 0x00000000daf00000)
  object space 18944K, 61% used [0x0000000090c00000,0x000000009175be30,0x0000000091e80000)
 Metaspace       used 7357K, capacity 8244K, committed 8448K, reserved 1056768K
  class space    used 890K, capacity 944K, committed 1024K, reserved 1048576K
}
Event: 1.951 GC heap before
{Heap before GC invocations=13 (full 2):
 PSYoungGen      total 35328K, used 35205K [0x00000000daf00000, 0x00000000dda80000, 0x0000000100000000)
  eden space 28672K, 100% used [0x00000000daf00000,0x00000000dcb00000,0x00000000dcb00000)
  from space 6656K, 98% used [0x00000000dd400000,0x00000000dda61790,0x00000000dda80000)
  to   space 7680K, 0% used [0x00000000dcb80000,0x00000000dcb80000,0x00000000dd300000)
 ParOldGen       total 18944K, used 11631K [0x0000000090c00000, 0x0000000091e80000, 0x00000000daf00000)
  object space 18944K, 61% used [0x0000000090c00000,0x000000009175be30,0x0000000091e80000)
 Metaspace       used 7432K, capacity 8308K, committed 8448K, reserved 1056768K
  class space    used 890K, capacity 944K, committed 1024K, reserved 1048576K
Event: 1.962 GC heap after
Heap after GC invocations=13 (full 2):
 PSYoungGen      total 36864K, used 7649K [0x00000000daf00000, 0x00000000de600000, 0x0000000100000000)
  eden space 29184K, 0% used [0x00000000daf00000,0x00000000daf00000,0x00000000dcb80000)
  from space 7680K, 99% used [0x00000000dcb80000,0x00000000dd2f8650,0x00000000dd300000)
  to   space 10240K, 0% used [0x00000000ddc00000,0x00000000ddc00000,0x00000000de600000)
 ParOldGen       total 18944K, used 14523K [0x0000000090c00000, 0x0000000091e80000, 0x00000000daf00000)
  object space 18944K, 76% used [0x0000000090c00000,0x0000000091a2edd0,0x0000000091e80000)
 Metaspace       used 7432K, capacity 8308K, committed 8448K, reserved 1056768K
  class space    used 890K, capacity 944K, committed 1024K, reserved 1048576K
}

