# JRE version: Java(TM) SE Runtime Environment (8.0_181-b13) (build 1.8.0_181-b13)
# Java VM: Java HotSpot(TM) 64-Bit Server VM (25.181-b13 mixed mode windows-amd64 compressed oops)
Heap:
 PSYoungGen      total 202240K, used 74751K [0x00000000eab00000, 0x0000000100000000, 0x0000000100000000)
  eden space 132096K, 3% used [0x00000000eab00000,0x00000000eafddea8,0x00000000f2c00000)
  from space 70144K, 99% used [0x00000000f2c00000,0x00000000f7021f00,0x00000000f7080000)
  to   space 111616K, 0% used [0x00000000f9300000,0x00000000f9300000,0x0000000100000000)
 ParOldGen       total 266240K, used 195171K [0x00000000c0000000, 0x00000000d0400000, 0x00000000eab00000)
  object space 266240K, 73% used [0x00000000c0000000,0x00000000cbe98d18,0x00000000d0400000)
 Metaspace       used 7153K, capacity 7672K, committed 7936K, reserved 1056768K
  class space    used 658K, capacity 688K, committed 768K, reserved 1048576K
GC Heap History (10 events):
Event: 30.644 GC heap after
Heap after GC invocations=12 (full 2):
 PSYoungGen      total 212480K, used 42617K [0x00000000eab00000, 0x0000000100000000, 0x0000000100000000)
  eden space 150528K, 0% used [0x00000000eab00000,0x00000000eab00000,0x00000000f3e00000)
  from space 61952K, 68% used [0x00000000fc380000,0x00000000fed1e580,0x0000000100000000)
  to   space 99328K, 0% used [0x00000000f3e00000,0x00000000f3e00000,0x00000000f9f00000)
 ParOldGen       total 266240K, used 152174K [0x00000000c0000000, 0x00000000d0400000, 0x00000000eab00000)
  object space 266240K, 57% used [0x00000000c0000000,0x00000000c949b888,0x00000000d0400000)
 Metaspace       used 6714K, capacity 7256K, committed 7424K, reserved 1056768K
  class space    used 637K, capacity 656K, committed 768K, reserved 1048576K
}
Event: 32.084 GC heap before
{Heap before GC invocations=13 (full 2):
 PSYoungGen      total 212480K, used 193145K [0x00000000eab00000, 0x0000000100000000, 0x0000000100000000)
  eden space 150528K, 100% used [0x00000000eab00000,0x00000000f3e00000,0x00000000f3e00000)
  from space 61952K, 68% used [0x00000000fc380000,0x00000000fed1e580,0x0000000100000000)
  to   space 99328K, 0% used [0x00000000f3e00000,0x00000000f3e00000,0x00000000f9f00000)
 ParOldGen       total 266240K, used 152174K [0x00000000c0000000, 0x00000000d0400000, 0x00000000eab00000)
  object space 266240K, 57% used [0x00000000c0000000,0x00000000c949b888,0x00000000d0400000)
 Metaspace       used 6717K, capacity 7320K, committed 7680K, reserved 1056768K
  class space    used 637K, capacity 656K, committed 768K, reserved 1048576K
Event: 32.387 GC heap after
Heap after GC invocations=13 (full 2):
 PSYoungGen      total 249856K, used 21981K [0x00000000eab00000, 0x0000000100000000, 0x0000000100000000)
  eden space 150528K, 0% used [0x00000000eab00000,0x00000000eab00000,0x00000000f3e00000)
  from space 99328K, 22% used [0x00000000f3e00000,0x00000000f53775c0,0x00000000f9f00000)
  to   space 96256K, 0% used [0x00000000fa200000,0x00000000fa200000,0x0000000100000000)
 ParOldGen       total 266240K, used 195171K [0x00000000c0000000, 0x00000000d0400000, 0x00000000eab00000)
  object space 266240K, 73% used [0x00000000c0000000,0x00000000cbe98d18,0x00000000d0400000)
 Metaspace       used 6717K, capacity 7320K, committed 7680K, reserved 1056768K
  class space    used 637K, capacity 656K, committed 768K, reserved 1048576K
}
Event: 34.148 GC heap before
{Heap before GC invocations=14 (full 2):
 PSYoungGen      total 249856K, used 172509K [0x00000000eab00000, 0x0000000100000000, 0x0000000100000000)
  eden space 150528K, 100% used [0x00000000eab00000,0x00000000f3e00000,0x00000000f3e00000)
  from space 99328K, 22% used [0x00000000f3e00000,0x00000000f53775c0,0x00000000f9f00000)
  to   space 96256K, 0% used [0x00000000fa200000,0x00000000fa200000,0x0000000100000000)
 ParOldGen       total 266240K, used 195171K [0x00000000c0000000, 0x00000000d0400000, 0x00000000eab00000)
  object space 266240K, 73% used [0x00000000c0000000,0x00000000cbe98d18,0x00000000d0400000)
 Metaspace       used 6718K, capacity 7320K, committed 7680K, reserved 1056768K
  class space    used 637K, capacity 656K, committed 768K, reserved 1048576K
Event: 34.397 GC heap after
Heap after GC invocations=14 (full 2):
 PSYoungGen      total 238592K, used 42683K [0x00000000eab00000, 0x00000000ff500000, 0x0000000100000000)
  eden space 153600K, 0% used [0x00000000eab00000,0x00000000eab00000,0x00000000f4100000)
  from space 84992K, 50% used [0x00000000fa200000,0x00000000fcbaece0,0x00000000ff500000)
  to   space 92160K, 0% used [0x00000000f4100000,0x00000000f4100000,0x00000000f9b00000)
 ParOldGen       total 266240K, used 195171K [0x00000000c0000000, 0x00000000d0400000, 0x00000000eab00000)
  object space 266240K, 73% used [0x00000000c0000000,0x00000000cbe98d18,0x00000000d0400000)
 Metaspace       used 6718K, capacity 7320K, committed 7680K, reserved 1056768K
  class space    used 637K, capacity 656K, committed 768K, reserved 1048576K
}
Event: 37.251 GC heap before
{Heap before GC invocations=15 (full 2):
 PSYoungGen      total 238592K, used 196283K [0x00000000eab00000, 0x00000000ff500000, 0x0000000100000000)
  eden space 153600K, 100% used [0x00000000eab00000,0x00000000f4100000,0x00000000f4100000)
  from space 84992K, 50% used [0x00000000fa200000,0x00000000fcbaece0,0x00000000ff500000)
  to   space 92160K, 0% used [0x00000000f4100000,0x00000000f4100000,0x00000000f9b00000)
 ParOldGen       total 266240K, used 195171K [0x00000000c0000000, 0x00000000d0400000, 0x00000000eab00000)
  object space 266240K, 73% used [0x00000000c0000000,0x00000000cbe98d18,0x00000000d0400000)
 Metaspace       used 6731K, capacity 7320K, committed 7680K, reserved 1056768K
  class space    used 637K, capacity 656K, committed 768K, reserved 1048576K
Event: 37.669 GC heap after
Heap after GC invocations=15 (full 2):
 PSYoungGen      total 245760K, used 64629K [0x00000000eab00000, 0x0000000100000000, 0x0000000100000000)
  eden space 153600K, 0% used [0x00000000eab00000,0x00000000eab00000,0x00000000f4100000)
  from space 92160K, 70% used [0x00000000f4100000,0x00000000f801d480,0x00000000f9b00000)
  to   space 96768K, 0% used [0x00000000fa180000,0x00000000fa180000,0x0000000100000000)
 ParOldGen       total 266240K, used 195171K [0x00000000c0000000, 0x00000000d0400000, 0x00000000eab00000)
  object space 266240K, 73% used [0x00000000c0000000,0x00000000cbe98d18,0x00000000d0400000)
 Metaspace       used 6731K, capacity 7320K, committed 7680K, reserved 1056768K
  class space    used 637K, capacity 656K, committed 768K, reserved 1048576K
}
Event: 39.754 GC heap before
{Heap before GC invocations=16 (full 2):
 PSYoungGen      total 245760K, used 218229K [0x00000000eab00000, 0x0000000100000000, 0x0000000100000000)
  eden space 153600K, 100% used [0x00000000eab00000,0x00000000f4100000,0x00000000f4100000)
  from space 92160K, 70% used [0x00000000f4100000,0x00000000f801d480,0x00000000f9b00000)
  to   space 96768K, 0% used [0x00000000fa180000,0x00000000fa180000,0x0000000100000000)
 ParOldGen       total 266240K, used 195171K [0x00000000c0000000, 0x00000000d0400000, 0x00000000eab00000)
  object space 266240K, 73% used [0x00000000c0000000,0x00000000cbe98d18,0x00000000d0400000)
 Metaspace       used 6740K, capacity 7320K, committed 7680K, reserved 1056768K
  class space    used 637K, capacity 656K, committed 768K, reserved 1048576K
Event: 40.090 GC heap after
Heap after GC invocations=16 (full 2):
 PSYoungGen      total 228864K, used 86375K [0x00000000eab00000, 0x0000000100000000, 0x0000000100000000)
  eden space 132096K, 0% used [0x00000000eab00000,0x00000000eab00000,0x00000000f2c00000)
  from space 96768K, 89% used [0x00000000fa180000,0x00000000ff5d9d80,0x0000000100000000)
  to   space 108544K, 0% used [0x00000000f2c00000,0x00000000f2c00000,0x00000000f9600000)
 ParOldGen       total 266240K, used 195171K [0x00000000c0000000, 0x00000000d0400000, 0x00000000eab00000)
  object space 266240K, 73% used [0x00000000c0000000,0x00000000cbe98d18,0x00000000d0400000)
 Metaspace       used 6740K, capacity 7320K, committed 7680K, reserved 1056768K
  class space    used 637K, capacity 656K, committed 768K, reserved 1048576K
}
Event: 47.044 GC heap before
{Heap before GC invocations=17 (full 2):
 PSYoungGen      total 228864K, used 218471K [0x00000000eab00000, 0x0000000100000000, 0x0000000100000000)
  eden space 132096K, 100% used [0x00000000eab00000,0x00000000f2c00000,0x00000000f2c00000)
  from space 96768K, 89% used [0x00000000fa180000,0x00000000ff5d9d80,0x0000000100000000)
  to   space 108544K, 0% used [0x00000000f2c00000,0x00000000f2c00000,0x00000000f9600000)
 ParOldGen       total 266240K, used 195171K [0x00000000c0000000, 0x00000000d0400000, 0x00000000eab00000)
  object space 266240K, 73% used [0x00000000c0000000,0x00000000cbe98d18,0x00000000d0400000)
 Metaspace       used 7153K, capacity 7672K, committed 7936K, reserved 1056768K
  class space    used 658K, capacity 688K, committed 768K, reserved 1048576K

