# JRE version: Java(TM) SE Runtime Environment (8.0_181-b13) (build 1.8.0_181-b13)
# Java VM: Java HotSpot(TM) 64-Bit Server VM (25.181-b13 mixed mode windows-amd64 compressed oops)
Heap:
 PSYoungGen      total 61952K, used 57343K [0x00000000eab00000, 0x00000000eec00000, 0x0000000100000000)
  eden space 57344K, 99% used [0x00000000eab00000,0x00000000ee2fffd8,0x00000000ee300000)
  from space 4608K, 0% used [0x00000000ee300000,0x00000000ee300000,0x00000000ee780000)
  to   space 4608K, 0% used [0x00000000ee780000,0x00000000ee780000,0x00000000eec00000)
 ParOldGen       total 76800K, used 76381K [0x00000000c0000000, 0x00000000c4b00000, 0x00000000eab00000)
  object space 76800K, 99% used [0x00000000c0000000,0x00000000c4a977d0,0x00000000c4b00000)
 Metaspace       used 6695K, capacity 7256K, committed 7424K, reserved 1056768K
  class space    used 637K, capacity 656K, committed 768K, reserved 1048576K
GC Heap History (10 events):
Event: 36.371 GC heap after
Heap after GC invocations=41 (full 32):
 PSYoungGen      total 61952K, used 56614K [0x00000000eab00000, 0x00000000eec00000, 0x0000000100000000)
  eden space 57344K, 98% used [0x00000000eab00000,0x00000000ee249a68,0x00000000ee300000)
  from space 4608K, 0% used [0x00000000ee300000,0x00000000ee300000,0x00000000ee780000)
  to   space 4608K, 0% used [0x00000000ee780000,0x00000000ee780000,0x00000000eec00000)
 ParOldGen       total 76800K, used 76381K [0x00000000c0000000, 0x00000000c4b00000, 0x00000000eab00000)
  object space 76800K, 99% used [0x00000000c0000000,0x00000000c4a977d0,0x00000000c4b00000)
 Metaspace       used 6695K, capacity 7256K, committed 7424K, reserved 1056768K
  class space    used 637K, capacity 656K, committed 768K, reserved 1048576K
}
Event: 36.385 GC heap before
{Heap before GC invocations=42 (full 33):
 PSYoungGen      total 61952K, used 57344K [0x00000000eab00000, 0x00000000eec00000, 0x0000000100000000)
  eden space 57344K, 100% used [0x00000000eab00000,0x00000000ee300000,0x00000000ee300000)
  from space 4608K, 0% used [0x00000000ee300000,0x00000000ee300000,0x00000000ee780000)
  to   space 4608K, 0% used [0x00000000ee780000,0x00000000ee780000,0x00000000eec00000)
 ParOldGen       total 76800K, used 76381K [0x00000000c0000000, 0x00000000c4b00000, 0x00000000eab00000)
  object space 76800K, 99% used [0x00000000c0000000,0x00000000c4a977d0,0x00000000c4b00000)
 Metaspace       used 6695K, capacity 7256K, committed 7424K, reserved 1056768K
  class space    used 637K, capacity 656K, committed 768K, reserved 1048576K
Event: 36.983 GC heap after
Heap after GC invocations=42 (full 33):
 PSYoungGen      total 61952K, used 56710K [0x00000000eab00000, 0x00000000eec00000, 0x0000000100000000)
  eden space 57344K, 98% used [0x00000000eab00000,0x00000000ee261b78,0x00000000ee300000)
  from space 4608K, 0% used [0x00000000ee300000,0x00000000ee300000,0x00000000ee780000)
  to   space 4608K, 0% used [0x00000000ee780000,0x00000000ee780000,0x00000000eec00000)
 ParOldGen       total 76800K, used 76381K [0x00000000c0000000, 0x00000000c4b00000, 0x00000000eab00000)
  object space 76800K, 99% used [0x00000000c0000000,0x00000000c4a977d0,0x00000000c4b00000)
 Metaspace       used 6695K, capacity 7256K, committed 7424K, reserved 1056768K
  class space    used 637K, capacity 656K, committed 768K, reserved 1048576K
}
Event: 36.990 GC heap before
{Heap before GC invocations=43 (full 34):
 PSYoungGen      total 61952K, used 57344K [0x00000000eab00000, 0x00000000eec00000, 0x0000000100000000)
  eden space 57344K, 100% used [0x00000000eab00000,0x00000000ee300000,0x00000000ee300000)
  from space 4608K, 0% used [0x00000000ee300000,0x00000000ee300000,0x00000000ee780000)
  to   space 4608K, 0% used [0x00000000ee780000,0x00000000ee780000,0x00000000eec00000)
 ParOldGen       total 76800K, used 76381K [0x00000000c0000000, 0x00000000c4b00000, 0x00000000eab00000)
  object space 76800K, 99% used [0x00000000c0000000,0x00000000c4a977d0,0x00000000c4b00000)
 Metaspace       used 6695K, capacity 7256K, committed 7424K, reserved 1056768K
  class space    used 637K, capacity 656K, committed 768K, reserved 1048576K
Event: 37.691 GC heap after
Heap after GC invocations=43 (full 34):
 PSYoungGen      total 61952K, used 56797K [0x00000000eab00000, 0x00000000eec00000, 0x0000000100000000)
  eden space 57344K, 99% used [0x00000000eab00000,0x00000000ee2774b0,0x00000000ee300000)
  from space 4608K, 0% used [0x00000000ee300000,0x00000000ee300000,0x00000000ee780000)
  to   space 4608K, 0% used [0x00000000ee780000,0x00000000ee780000,0x00000000eec00000)
 ParOldGen       total 76800K, used 76381K [0x00000000c0000000, 0x00000000c4b00000, 0x00000000eab00000)
  object space 76800K, 99% used [0x00000000c0000000,0x00000000c4a977d0,0x00000000c4b00000)
 Metaspace       used 6695K, capacity 7256K, committed 7424K, reserved 1056768K
  class space    used 637K, capacity 656K, committed 768K, reserved 1048576K
}
Event: 37.696 GC heap before
{Heap before GC invocations=44 (full 35):
 PSYoungGen      total 61952K, used 57344K [0x00000000eab00000, 0x00000000eec00000, 0x0000000100000000)
  eden space 57344K, 100% used [0x00000000eab00000,0x00000000ee300000,0x00000000ee300000)
  from space 4608K, 0% used [0x00000000ee300000,0x00000000ee300000,0x00000000ee780000)
  to   space 4608K, 0% used [0x00000000ee780000,0x00000000ee780000,0x00000000eec00000)
 ParOldGen       total 76800K, used 76381K [0x00000000c0000000, 0x00000000c4b00000, 0x00000000eab00000)
  object space 76800K, 99% used [0x00000000c0000000,0x00000000c4a977d0,0x00000000c4b00000)
 Metaspace       used 6695K, capacity 7256K, committed 7424K, reserved 1056768K
  class space    used 637K, capacity 656K, committed 768K, reserved 1048576K
Event: 38.247 GC heap after
Heap after GC invocations=44 (full 35):
 PSYoungGen      total 61952K, used 56966K [0x00000000eab00000, 0x00000000eec00000, 0x0000000100000000)
  eden space 57344K, 99% used [0x00000000eab00000,0x00000000ee2a1830,0x00000000ee300000)
  from space 4608K, 0% used [0x00000000ee300000,0x00000000ee300000,0x00000000ee780000)
  to   space 4608K, 0% used [0x00000000ee780000,0x00000000ee780000,0x00000000eec00000)
 ParOldGen       total 76800K, used 76381K [0x00000000c0000000, 0x00000000c4b00000, 0x00000000eab00000)
  object space 76800K, 99% used [0x00000000c0000000,0x00000000c4a977d0,0x00000000c4b00000)
 Metaspace       used 6695K, capacity 7256K, committed 7424K, reserved 1056768K
  class space    used 637K, capacity 656K, committed 768K, reserved 1048576K
}
Event: 38.250 GC heap before
{Heap before GC invocations=45 (full 36):
 PSYoungGen      total 61952K, used 57344K [0x00000000eab00000, 0x00000000eec00000, 0x0000000100000000)
  eden space 57344K, 100% used [0x00000000eab00000,0x00000000ee300000,0x00000000ee300000)
  from space 4608K, 0% used [0x00000000ee300000,0x00000000ee300000,0x00000000ee780000)
  to   space 4608K, 0% used [0x00000000ee780000,0x00000000ee780000,0x00000000eec00000)
 ParOldGen       total 76800K, used 76381K [0x00000000c0000000, 0x00000000c4b00000, 0x00000000eab00000)
  object space 76800K, 99% used [0x00000000c0000000,0x00000000c4a977d0,0x00000000c4b00000)
 Metaspace       used 6695K, capacity 7256K, committed 7424K, reserved 1056768K
  class space    used 637K, capacity 656K, committed 768K, reserved 1048576K
Event: 38.880 GC heap after
Heap after GC invocations=45 (full 36):
 PSYoungGen      total 61952K, used 56980K [0x00000000eab00000, 0x00000000eec00000, 0x0000000100000000)
  eden space 57344K, 99% used [0x00000000eab00000,0x00000000ee2a53a8,0x00000000ee300000)
  from space 4608K, 0% used [0x00000000ee300000,0x00000000ee300000,0x00000000ee780000)
  to   space 4608K, 0% used [0x00000000ee780000,0x00000000ee780000,0x00000000eec00000)
 ParOldGen       total 76800K, used 76381K [0x00000000c0000000, 0x00000000c4b00000, 0x00000000eab00000)
  object space 76800K, 99% used [0x00000000c0000000,0x00000000c4a977d0,0x00000000c4b00000)
 Metaspace       used 6695K, capacity 7256K, committed 7424K, reserved 1056768K
  class space    used 637K, capacity 656K, committed 768K, reserved 1048576K
}
Event: 38.903 GC heap before
{Heap before GC invocations=46 (full 37):
 PSYoungGen      total 61952K, used 57343K [0x00000000eab00000, 0x00000000eec00000, 0x0000000100000000)
  eden space 57344K, 99% used [0x00000000eab00000,0x00000000ee2fffd8,0x00000000ee300000)
  from space 4608K, 0% used [0x00000000ee300000,0x00000000ee300000,0x00000000ee780000)
  to   space 4608K, 0% used [0x00000000ee780000,0x00000000ee780000,0x00000000eec00000)
 ParOldGen       total 76800K, used 76381K [0x00000000c0000000, 0x00000000c4b00000, 0x00000000eab00000)
  object space 76800K, 99% used [0x00000000c0000000,0x00000000c4a977d0,0x00000000c4b00000)
 Metaspace       used 6695K, capacity 7256K, committed 7424K, reserved 1056768K
  class space    used 637K, capacity 656K, committed 768K, reserved 1048576K

