# JRE version: Java(TM) SE Runtime Environment (8.0_181-b13) (build 1.8.0_181-b13)
# Java VM: Java HotSpot(TM) 64-Bit Server VM (25.181-b13 mixed mode windows-amd64 compressed oops)
Heap:
 PSYoungGen      total 253952K, used 215040K [0x00000000eab00000, 0x0000000100000000, 0x0000000100000000)
  eden space 215040K, 100% used [0x00000000eab00000,0x00000000f7d00000,0x00000000f7d00000)
  from space 38912K, 0% used [0x00000000f7d00000,0x00000000f7d00000,0x00000000fa300000)
  to   space 54784K, 0% used [0x00000000fca80000,0x00000000fca80000,0x0000000100000000)
 ParOldGen       total 76800K, used 76540K [0x00000000c0000000, 0x00000000c4b00000, 0x00000000eab00000)
  object space 76800K, 99% used [0x00000000c0000000,0x00000000c4abf3a0,0x00000000c4b00000)
 Metaspace       used 6707K, capacity 7256K, committed 7424K, reserved 1056768K
  class space    used 637K, capacity 656K, committed 768K, reserved 1048576K
GC Heap History (10 events):
Event: 27.019 GC heap after
Heap after GC invocations=11 (full 2):
 PSYoungGen      total 253952K, used 59417K [0x00000000eab00000, 0x0000000100000000, 0x0000000100000000)
  eden space 215040K, 27% used [0x00000000eab00000,0x00000000ee5067d0,0x00000000f7d00000)
  from space 38912K, 0% used [0x00000000f7d00000,0x00000000f7d00000,0x00000000fa300000)
  to   space 54784K, 0% used [0x00000000fca80000,0x00000000fca80000,0x0000000100000000)
 ParOldGen       total 76800K, used 76768K [0x00000000c0000000, 0x00000000c4b00000, 0x00000000eab00000)
  object space 76800K, 99% used [0x00000000c0000000,0x00000000c4af8290,0x00000000c4b00000)
 Metaspace       used 6692K, capacity 7256K, committed 7424K, reserved 1056768K
  class space    used 637K, capacity 656K, committed 768K, reserved 1048576K
}
Event: 28.237 GC heap before
{Heap before GC invocations=12 (full 3):
 PSYoungGen      total 253952K, used 215040K [0x00000000eab00000, 0x0000000100000000, 0x0000000100000000)
  eden space 215040K, 100% used [0x00000000eab00000,0x00000000f7d00000,0x00000000f7d00000)
  from space 38912K, 0% used [0x00000000f7d00000,0x00000000f7d00000,0x00000000fa300000)
  to   space 54784K, 0% used [0x00000000fca80000,0x00000000fca80000,0x0000000100000000)
 ParOldGen       total 76800K, used 76768K [0x00000000c0000000, 0x00000000c4b00000, 0x00000000eab00000)
  object space 76800K, 99% used [0x00000000c0000000,0x00000000c4af8290,0x00000000c4b00000)
 Metaspace       used 6695K, capacity 7256K, committed 7424K, reserved 1056768K
  class space    used 637K, capacity 656K, committed 768K, reserved 1048576K
Event: 30.343 GC heap after
Heap after GC invocations=12 (full 3):
 PSYoungGen      total 253952K, used 80991K [0x00000000eab00000, 0x0000000100000000, 0x0000000100000000)
  eden space 215040K, 37% used [0x00000000eab00000,0x00000000efa17fe0,0x00000000f7d00000)
  from space 38912K, 0% used [0x00000000f7d00000,0x00000000f7d00000,0x00000000fa300000)
  to   space 54784K, 0% used [0x00000000fca80000,0x00000000fca80000,0x0000000100000000)
 ParOldGen       total 76800K, used 76545K [0x00000000c0000000, 0x00000000c4b00000, 0x00000000eab00000)
  object space 76800K, 99% used [0x00000000c0000000,0x00000000c4ac0520,0x00000000c4b00000)
 Metaspace       used 6695K, capacity 7256K, committed 7424K, reserved 1056768K
  class space    used 637K, capacity 656K, committed 768K, reserved 1048576K
}
Event: 31.524 GC heap before
{Heap before GC invocations=13 (full 4):
 PSYoungGen      total 253952K, used 215040K [0x00000000eab00000, 0x0000000100000000, 0x0000000100000000)
  eden space 215040K, 100% used [0x00000000eab00000,0x00000000f7d00000,0x00000000f7d00000)
  from space 38912K, 0% used [0x00000000f7d00000,0x00000000f7d00000,0x00000000fa300000)
  to   space 54784K, 0% used [0x00000000fca80000,0x00000000fca80000,0x0000000100000000)
 ParOldGen       total 76800K, used 76545K [0x00000000c0000000, 0x00000000c4b00000, 0x00000000eab00000)
  object space 76800K, 99% used [0x00000000c0000000,0x00000000c4ac0520,0x00000000c4b00000)
 Metaspace       used 6701K, capacity 7256K, committed 7424K, reserved 1056768K
  class space    used 637K, capacity 656K, committed 768K, reserved 1048576K
Event: 33.425 GC heap after
Heap after GC invocations=13 (full 4):
 PSYoungGen      total 253952K, used 99252K [0x00000000eab00000, 0x0000000100000000, 0x0000000100000000)
  eden space 215040K, 46% used [0x00000000eab00000,0x00000000f0bed370,0x00000000f7d00000)
  from space 38912K, 0% used [0x00000000f7d00000,0x00000000f7d00000,0x00000000fa300000)
  to   space 54784K, 0% used [0x00000000fca80000,0x00000000fca80000,0x0000000100000000)
 ParOldGen       total 76800K, used 76545K [0x00000000c0000000, 0x00000000c4b00000, 0x00000000eab00000)
  object space 76800K, 99% used [0x00000000c0000000,0x00000000c4ac04b0,0x00000000c4b00000)
 Metaspace       used 6701K, capacity 7256K, committed 7424K, reserved 1056768K
  class space    used 637K, capacity 656K, committed 768K, reserved 1048576K
}
Event: 34.606 GC heap before
{Heap before GC invocations=14 (full 5):
 PSYoungGen      total 253952K, used 215040K [0x00000000eab00000, 0x0000000100000000, 0x0000000100000000)
  eden space 215040K, 100% used [0x00000000eab00000,0x00000000f7d00000,0x00000000f7d00000)
  from space 38912K, 0% used [0x00000000f7d00000,0x00000000f7d00000,0x00000000fa300000)
  to   space 54784K, 0% used [0x00000000fca80000,0x00000000fca80000,0x0000000100000000)
 ParOldGen       total 76800K, used 76545K [0x00000000c0000000, 0x00000000c4b00000, 0x00000000eab00000)
  object space 76800K, 99% used [0x00000000c0000000,0x00000000c4ac04b0,0x00000000c4b00000)
 Metaspace       used 6702K, capacity 7256K, committed 7424K, reserved 1056768K
  class space    used 637K, capacity 656K, committed 768K, reserved 1048576K
Event: 37.760 GC heap after
Heap after GC invocations=14 (full 5):
 PSYoungGen      total 253952K, used 115945K [0x00000000eab00000, 0x0000000100000000, 0x0000000100000000)
  eden space 215040K, 53% used [0x00000000eab00000,0x00000000f1c3a7d8,0x00000000f7d00000)
  from space 38912K, 0% used [0x00000000f7d00000,0x00000000f7d00000,0x00000000fa300000)
  to   space 54784K, 0% used [0x00000000fca80000,0x00000000fca80000,0x0000000100000000)
 ParOldGen       total 76800K, used 76541K [0x00000000c0000000, 0x00000000c4b00000, 0x00000000eab00000)
  object space 76800K, 99% used [0x00000000c0000000,0x00000000c4abf480,0x00000000c4b00000)
 Metaspace       used 6702K, capacity 7256K, committed 7424K, reserved 1056768K
  class space    used 637K, capacity 656K, committed 768K, reserved 1048576K
}
Event: 39.935 GC heap before
{Heap before GC invocations=15 (full 6):
 PSYoungGen      total 253952K, used 215040K [0x00000000eab00000, 0x0000000100000000, 0x0000000100000000)
  eden space 215040K, 100% used [0x00000000eab00000,0x00000000f7d00000,0x00000000f7d00000)
  from space 38912K, 0% used [0x00000000f7d00000,0x00000000f7d00000,0x00000000fa300000)
  to   space 54784K, 0% used [0x00000000fca80000,0x00000000fca80000,0x0000000100000000)
 ParOldGen       total 76800K, used 76541K [0x00000000c0000000, 0x00000000c4b00000, 0x00000000eab00000)
  object space 76800K, 99% used [0x00000000c0000000,0x00000000c4abf480,0x00000000c4b00000)
 Metaspace       used 6706K, capacity 7256K, committed 7424K, reserved 1056768K
  class space    used 637K, capacity 656K, committed 768K, reserved 1048576K
Event: 42.787 GC heap after
Heap after GC invocations=15 (full 6):
 PSYoungGen      total 253952K, used 129718K [0x00000000eab00000, 0x0000000100000000, 0x0000000100000000)
  eden space 215040K, 60% used [0x00000000eab00000,0x00000000f29adb78,0x00000000f7d00000)
  from space 38912K, 0% used [0x00000000f7d00000,0x00000000f7d00000,0x00000000fa300000)
  to   space 54784K, 0% used [0x00000000fca80000,0x00000000fca80000,0x0000000100000000)
 ParOldGen       total 76800K, used 76540K [0x00000000c0000000, 0x00000000c4b00000, 0x00000000eab00000)
  object space 76800K, 99% used [0x00000000c0000000,0x00000000c4abf3a0,0x00000000c4b00000)
 Metaspace       used 6706K, capacity 7256K, committed 7424K, reserved 1056768K
  class space    used 637K, capacity 656K, committed 768K, reserved 1048576K
}
Event: 43.459 GC heap before
{Heap before GC invocations=16 (full 7):
 PSYoungGen      total 253952K, used 215040K [0x00000000eab00000, 0x0000000100000000, 0x0000000100000000)
  eden space 215040K, 100% used [0x00000000eab00000,0x00000000f7d00000,0x00000000f7d00000)
  from space 38912K, 0% used [0x00000000f7d00000,0x00000000f7d00000,0x00000000fa300000)
  to   space 54784K, 0% used [0x00000000fca80000,0x00000000fca80000,0x0000000100000000)
 ParOldGen       total 76800K, used 76540K [0x00000000c0000000, 0x00000000c4b00000, 0x00000000eab00000)
  object space 76800K, 99% used [0x00000000c0000000,0x00000000c4abf3a0,0x00000000c4b00000)
 Metaspace       used 6707K, capacity 7256K, committed 7424K, reserved 1056768K
  class space    used 637K, capacity 656K, committed 768K, reserved 1048576K

