# JRE version: Java(TM) SE Runtime Environment (8.0_181-b13) (build 1.8.0_181-b13)
# Java VM: Java HotSpot(TM) 64-Bit Server VM (25.181-b13 mixed mode windows-amd64 compressed oops)
Heap:
 PSYoungGen      total 20480K, used 5118K [0x00000000daf00000, 0x00000000dc700000, 0x0000000100000000)
  eden space 16896K, 9% used [0x00000000daf00000,0x00000000db0a58f8,0x00000000dbf80000)
  from space 3584K, 95% used [0x00000000dbf80000,0x00000000dc2da000,0x00000000dc300000)
  to   space 3072K, 0% used [0x00000000dc300000,0x00000000dc300000,0x00000000dc600000)
 ParOldGen       total 14336K, used 10141K [0x0000000090c00000, 0x0000000091a00000, 0x00000000daf00000)
  object space 14336K, 70% used [0x0000000090c00000,0x00000000915e76a8,0x0000000091a00000)
 Metaspace       used 7354K, capacity 8244K, committed 8448K, reserved 1056768K
  class space    used 889K, capacity 944K, committed 1024K, reserved 1048576K
GC Heap History (10 events):
Event: 1.429 GC heap before
{Heap before GC invocations=9 (full 1):
 PSYoungGen      total 7168K, used 6144K [0x00000000daf00000, 0x00000000dc000000, 0x0000000100000000)
  eden space 6144K, 100% used [0x00000000daf00000,0x00000000db500000,0x00000000db500000)
  from space 1024K, 0% used [0x00000000db500000,0x00000000db500000,0x00000000db600000)
  to   space 2560K, 0% used [0x00000000dbd80000,0x00000000dbd80000,0x00000000dc000000)
 ParOldGen       total 8704K, used 4122K [0x0000000090c00000, 0x0000000091480000, 0x00000000daf00000)
  object space 8704K, 47% used [0x0000000090c00000,0x0000000091006b18,0x0000000091480000)
 Metaspace       used 7330K, capacity 8212K, committed 8448K, reserved 1056768K
  class space    used 883K, capacity 912K, committed 1024K, reserved 1048576K
Event: 1.438 GC heap after
Heap after GC invocations=9 (full 1):
 PSYoungGen      total 12800K, used 1473K [0x00000000daf00000, 0x00000000dbf00000, 0x0000000100000000)
  eden space 11264K, 0% used [0x00000000daf00000,0x00000000daf00000,0x00000000dba00000)
  from space 1536K, 95% used [0x00000000dbd80000,0x00000000dbef06e0,0x00000000dbf00000)
  to   space 2560K, 0% used [0x00000000dba00000,0x00000000dba00000,0x00000000dbc80000)
 ParOldGen       total 8704K, used 4122K [0x0000000090c00000, 0x0000000091480000, 0x00000000daf00000)
  object space 8704K, 47% used [0x0000000090c00000,0x0000000091006b18,0x0000000091480000)
 Metaspace       used 7330K, capacity 8212K, committed 8448K, reserved 1056768K
  class space    used 883K, capacity 912K, committed 1024K, reserved 1048576K
}
Event: 1.554 GC heap before
{Heap before GC invocations=10 (full 1):
 PSYoungGen      total 12800K, used 12737K [0x00000000daf00000, 0x00000000dbf00000, 0x0000000100000000)
  eden space 11264K, 100% used [0x00000000daf00000,0x00000000dba00000,0x00000000dba00000)
  from space 1536K, 95% used [0x00000000dbd80000,0x00000000dbef06e0,0x00000000dbf00000)
  to   space 2560K, 0% used [0x00000000dba00000,0x00000000dba00000,0x00000000dbc80000)
 ParOldGen       total 8704K, used 4122K [0x0000000090c00000, 0x0000000091480000, 0x00000000daf00000)
  object space 8704K, 47% used [0x0000000090c00000,0x0000000091006b18,0x0000000091480000)
 Metaspace       used 7353K, capacity 8244K, committed 8448K, reserved 1056768K
  class space    used 889K, capacity 944K, committed 1024K, reserved 1048576K
Event: 1.571 GC heap after
Heap after GC invocations=10 (full 1):
 PSYoungGen      total 13824K, used 2234K [0x00000000daf00000, 0x00000000dc600000, 0x0000000100000000)
  eden space 11264K, 0% used [0x00000000daf00000,0x00000000daf00000,0x00000000dba00000)
  from space 2560K, 87% used [0x00000000dba00000,0x00000000dbc2eb70,0x00000000dbc80000)
  to   space 3072K, 0% used [0x00000000dc300000,0x00000000dc300000,0x00000000dc600000)
 ParOldGen       total 8704K, used 6126K [0x0000000090c00000, 0x0000000091480000, 0x00000000daf00000)
  object space 8704K, 70% used [0x0000000090c00000,0x00000000911fb9d0,0x0000000091480000)
 Metaspace       used 7353K, capacity 8244K, committed 8448K, reserved 1056768K
  class space    used 889K, capacity 944K, committed 1024K, reserved 1048576K
}
Event: 1.684 GC heap before
{Heap before GC invocations=11 (full 1):
 PSYoungGen      total 13824K, used 13498K [0x00000000daf00000, 0x00000000dc600000, 0x0000000100000000)
  eden space 11264K, 100% used [0x00000000daf00000,0x00000000dba00000,0x00000000dba00000)
  from space 2560K, 87% used [0x00000000dba00000,0x00000000dbc2eb70,0x00000000dbc80000)
  to   space 3072K, 0% used [0x00000000dc300000,0x00000000dc300000,0x00000000dc600000)
 ParOldGen       total 8704K, used 6126K [0x0000000090c00000, 0x0000000091480000, 0x00000000daf00000)
  object space 8704K, 70% used [0x0000000090c00000,0x00000000911fb9d0,0x0000000091480000)
 Metaspace       used 7353K, capacity 8244K, committed 8448K, reserved 1056768K
  class space    used 889K, capacity 944K, committed 1024K, reserved 1048576K
Event: 1.706 GC heap after
Heap after GC invocations=11 (full 1):
 PSYoungGen      total 19968K, used 2712K [0x00000000daf00000, 0x00000000dc700000, 0x0000000100000000)
  eden space 16896K, 0% used [0x00000000daf00000,0x00000000daf00000,0x00000000dbf80000)
  from space 3072K, 88% used [0x00000000dc300000,0x00000000dc5a6250,0x00000000dc600000)
  to   space 3584K, 0% used [0x00000000dbf80000,0x00000000dbf80000,0x00000000dc300000)
 ParOldGen       total 8704K, used 7571K [0x0000000090c00000, 0x0000000091480000, 0x00000000daf00000)
  object space 8704K, 86% used [0x0000000090c00000,0x0000000091364e50,0x0000000091480000)
 Metaspace       used 7353K, capacity 8244K, committed 8448K, reserved 1056768K
  class space    used 889K, capacity 944K, committed 1024K, reserved 1048576K
}
Event: 1.706 GC heap before
{Heap before GC invocations=12 (full 2):
 PSYoungGen      total 19968K, used 2712K [0x00000000daf00000, 0x00000000dc700000, 0x0000000100000000)
  eden space 16896K, 0% used [0x00000000daf00000,0x00000000daf00000,0x00000000dbf80000)
  from space 3072K, 88% used [0x00000000dc300000,0x00000000dc5a6250,0x00000000dc600000)
  to   space 3584K, 0% used [0x00000000dbf80000,0x00000000dbf80000,0x00000000dc300000)
 ParOldGen       total 8704K, used 7571K [0x0000000090c00000, 0x0000000091480000, 0x00000000daf00000)
  object space 8704K, 86% used [0x0000000090c00000,0x0000000091364e50,0x0000000091480000)
 Metaspace       used 7353K, capacity 8244K, committed 8448K, reserved 1056768K
  class space    used 889K, capacity 944K, committed 1024K, reserved 1048576K
Event: 1.756 GC heap after
Heap after GC invocations=12 (full 2):
 PSYoungGen      total 19968K, used 2140K [0x00000000daf00000, 0x00000000dc700000, 0x0000000100000000)
  eden space 16896K, 0% used [0x00000000daf00000,0x00000000daf00000,0x00000000dbf80000)
  from space 3072K, 69% used [0x00000000dc300000,0x00000000dc517030,0x00000000dc600000)
  to   space 3584K, 0% used [0x00000000dbf80000,0x00000000dbf80000,0x00000000dc300000)
 ParOldGen       total 14336K, used 7321K [0x0000000090c00000, 0x0000000091a00000, 0x00000000daf00000)
  object space 14336K, 51% used [0x0000000090c00000,0x00000000913267f0,0x0000000091a00000)
 Metaspace       used 7353K, capacity 8244K, committed 8448K, reserved 1056768K
  class space    used 889K, capacity 944K, committed 1024K, reserved 1048576K
}
Event: 1.996 GC heap before
{Heap before GC invocations=13 (full 2):
 PSYoungGen      total 19968K, used 19036K [0x00000000daf00000, 0x00000000dc700000, 0x0000000100000000)
  eden space 16896K, 100% used [0x00000000daf00000,0x00000000dbf80000,0x00000000dbf80000)
  from space 3072K, 69% used [0x00000000dc300000,0x00000000dc517030,0x00000000dc600000)
  to   space 3584K, 0% used [0x00000000dbf80000,0x00000000dbf80000,0x00000000dc300000)
 ParOldGen       total 14336K, used 7321K [0x0000000090c00000, 0x0000000091a00000, 0x00000000daf00000)
  object space 14336K, 51% used [0x0000000090c00000,0x00000000913267f0,0x0000000091a00000)
 Metaspace       used 7354K, capacity 8244K, committed 8448K, reserved 1056768K
  class space    used 889K, capacity 944K, committed 1024K, reserved 1048576K
Event: 2.042 GC heap after
Heap after GC invocations=13 (full 2):
 PSYoungGen      total 20480K, used 3432K [0x00000000daf00000, 0x00000000dc700000, 0x0000000100000000)
  eden space 16896K, 0% used [0x00000000daf00000,0x00000000daf00000,0x00000000dbf80000)
  from space 3584K, 95% used [0x00000000dbf80000,0x00000000dc2da000,0x00000000dc300000)
  to   space 3072K, 0% used [0x00000000dc300000,0x00000000dc300000,0x00000000dc600000)
 ParOldGen       total 14336K, used 10141K [0x0000000090c00000, 0x0000000091a00000, 0x00000000daf00000)
  object space 14336K, 70% used [0x0000000090c00000,0x00000000915e76a8,0x0000000091a00000)
 Metaspace       used 7354K, capacity 8244K, committed 8448K, reserved 1056768K
  class space    used 889K, capacity 944K, committed 1024K, reserved 1048576K
}

